2025-04-26 20:39:49,628 [INFO] UtilMem:75 - End SaveConfig() Used Memory: 710308040 Bytes (1073741824)
2025-04-26 20:39:49,973 [INFO] BlockDiagram:2759 - set Specific Code input for plugin: SYS
2025-04-26 20:39:49,974 [INFO] BlockDiagram:2759 - set Specific Code input for plugin: RCC
2025-04-26 20:39:49,974 [INFO] BlockDiagram:2759 - set Specific Code input for plugin: NVIC
2025-04-26 20:39:49,975 [INFO] BlockDiagram:2759 - set Specific Code input for plugin: GPIO
2025-04-26 20:39:49,979 [INFO] CodeGenerator:799 - code generatio: config db path: E:\ruanjian\STM32CubeIDE_1.13.1\STM32CubeIDE\plugins\com.st.stm32cube.common.mx_6.9.1.202307191849\\db\
2025-04-26 20:39:50,180 [INFO] CodeEngine:255 - oldGeneratedFile, D:\Work_place\STM32F407_First\STM32F407_DEMO\STM32F407_First_DEMO\MXTmpFiles\license.tmp_save
2025-04-26 20:39:50,290 [INFO] CodeEngine:279 - Generated code: D:\Work_place\STM32F407_First\STM32F407_DEMO\STM32F407_First_DEMO\MXTmpFiles\license.tmp
2025-04-26 20:39:50,315 [INFO] CodeEngine:255 - oldGeneratedFile, D:\Work_place\STM32F407_First\STM32F407_DEMO\STM32F407_First_DEMO\Core\Src\gpio.c_save
2025-04-26 20:39:50,434 [INFO] CodeEngine:279 - Generated code: D:\Work_place\STM32F407_First\STM32F407_DEMO\STM32F407_First_DEMO\Core\Src\gpio.c
2025-04-26 20:39:50,458 [INFO] CodeEngine:255 - oldGeneratedFile, D:\Work_place\STM32F407_First\STM32F407_DEMO\STM32F407_First_DEMO\Core\Inc\gpio.h_save
2025-04-26 20:39:50,568 [INFO] CodeEngine:279 - Generated code: D:\Work_place\STM32F407_First\STM32F407_DEMO\STM32F407_First_DEMO\Core\Inc\gpio.h
2025-04-26 20:39:50,609 [INFO] CodeEngine:255 - oldGeneratedFile, D:\Work_place\STM32F407_First\STM32F407_DEMO\STM32F407_First_DEMO\Core\Src\stm32f4xx_it.c_save
2025-04-26 20:39:50,849 [INFO] CodeEngine:279 - Generated code: D:\Work_place\STM32F407_First\STM32F407_DEMO\STM32F407_First_DEMO\Core\Src\stm32f4xx_it.c
2025-04-26 20:39:50,861 [INFO] CodeEngine:255 - oldGeneratedFile, D:\Work_place\STM32F407_First\STM32F407_DEMO\STM32F407_First_DEMO\Core\Inc\stm32f4xx_it.h_save
2025-04-26 20:39:50,956 [INFO] CodeEngine:279 - Generated code: D:\Work_place\STM32F407_First\STM32F407_DEMO\STM32F407_First_DEMO\Core\Inc\stm32f4xx_it.h
2025-04-26 20:39:50,995 [INFO] CodeEngine:255 - oldGeneratedFile, D:\Work_place\STM32F407_First\STM32F407_DEMO\STM32F407_First_DEMO\Core\Src\stm32f4xx_hal_msp.c_save
2025-04-26 20:39:51,125 [INFO] CodeEngine:279 - Generated code: D:\Work_place\STM32F407_First\STM32F407_DEMO\STM32F407_First_DEMO\Core\Src\stm32f4xx_hal_msp.c
2025-04-26 20:39:51,136 [INFO] CodeEngine:255 - oldGeneratedFile, D:\Work_place\STM32F407_First\STM32F407_DEMO\STM32F407_First_DEMO\MXTmpFiles\system.tmp_save
2025-04-26 20:39:51,215 [INFO] CodeEngine:279 - Generated code: D:\Work_place\STM32F407_First\STM32F407_DEMO\STM32F407_First_DEMO\MXTmpFiles\system.tmp
2025-04-26 20:39:51,237 [INFO] CodeEngine:311 - oldGeneratedFile, D:\Work_place\STM32F407_First\STM32F407_DEMO\STM32F407_First_DEMO\Core\Inc\stm32f4xx_hal_conf.h_save
2025-04-26 20:39:51,331 [INFO] CodeEngine:335 - Generated code: D:\Work_place\STM32F407_First\STM32F407_DEMO\STM32F407_First_DEMO\Core\Inc\stm32f4xx_hal_conf.h
2025-04-26 20:39:51,371 [INFO] CodeEngine:255 - oldGeneratedFile, D:\Work_place\STM32F407_First\STM32F407_DEMO\STM32F407_First_DEMO\Core\Inc\main.h_save
2025-04-26 20:39:51,462 [INFO] CodeEngine:279 - Generated code: D:\Work_place\STM32F407_First\STM32F407_DEMO\STM32F407_First_DEMO\Core\Inc\main.h
2025-04-26 20:39:51,481 [INFO] CodeEngine:255 - oldGeneratedFile, D:\Work_place\STM32F407_First\STM32F407_DEMO\STM32F407_First_DEMO\Core\Src\main.c_save
2025-04-26 20:39:51,621 [INFO] CodeEngine:279 - Generated code: D:\Work_place\STM32F407_First\STM32F407_DEMO\STM32F407_First_DEMO\Core\Src\main.c
2025-04-26 20:39:52,590 [INFO] ProjectBuilder:3064 - Time for Copy HAL[1] : 511mS.
2025-04-26 20:39:52,599 [INFO] ProjectBuilder:4404 - Project Generator version: 4.1.0
2025-04-26 20:39:52,904 [INFO] ConfigFileManager:1457 - The Die is : DIE413
2025-04-26 20:39:54,818 [INFO] ProjectBuilder:4626 - Time for Generating toolchain IDE Files: 2219mS.
2025-04-26 20:39:54,820 [INFO] ProjectBuilder:2935 - Time for Copy CMSIS : 1mS.
2025-04-26 20:39:54,829 [INFO] ProjectBuilder:2935 - Time for Copy CMSIS : 0mS.
