2025-04-22 23:11:35,862 [INFO] Activator:176 - 


2025-04-22 23:11:35,865 [INFO] Activator:177 - !SESSION log4j initialized
2025-04-22 23:11:39,706 [INFO] LogOutputStream:77 - [STDOUT_REDIRECT] 
2025-04-22 23:11:45,516 [INFO] ApplicationProperties:184 - Using Application install path: E:\ruanjian\STM32CubeIDE_1.13.1\STM32CubeIDE\plugins\com.st.stm32cube.common.mx_6.9.1.202307191849
2025-04-22 23:11:45,535 [INFO] DbMcusXml:78 - Set database path to: E:\ruanjian\STM32CubeIDE_1.13.1\STM32CubeIDE\plugins\com.st.stm32cube.common.mx_6.9.1.202307191849\\db\/mcu/
2025-04-22 23:11:45,535 [INFO] ApiDb:274 - Set plugin database path to: E:\ruanjian\STM32CubeIDE_1.13.1\STM32CubeIDE\plugins\com.st.stm32cube.common.mx_6.9.1.202307191849\\db\/plugins/boardmanager/
2025-04-22 23:11:45,535 [WARN] ApiDb:259 - Overriding images path with different value:  => E:\ruanjian\STM32CubeIDE_1.13.1\STM32CubeIDE\plugins\com.st.stm32cube.common.mx_6.9.1.202307191849\\db\/plugins/mcufinder/images/
2025-04-22 23:11:45,546 [INFO] ApiDb:250 - Set database path to: C:\Users\keqin.wang\.stmcufinder\plugins\mcufinder//mcu/
2025-04-22 23:11:45,547 [INFO] DbMcusAds:125 - Set database path to: C:\Users\keqin.wang\.stmcufinder\plugins\mcufinder//mcu/
2025-04-22 23:11:45,549 [INFO] CrossReferenceDbSqlite:203 - Set database path to: C:\Users\keqin.wang\.stmcufinder\plugins\mcufinder//mcu/cs/
2025-04-22 23:11:45,658 [INFO] RulesReader:64 - Compatibility file has been processed (293 Rules)
2025-04-22 23:11:45,756 [INFO] DbMcusXml:78 - Set database path to: E:\ruanjian\STM32CubeIDE_1.13.1\STM32CubeIDE\plugins\com.st.stm32cube.common.mx_6.9.1.202307191849\\db\/mcu/
2025-04-22 23:11:45,756 [INFO] ApiDb:274 - Set plugin database path to: E:\ruanjian\STM32CubeIDE_1.13.1\STM32CubeIDE\plugins\com.st.stm32cube.common.mx_6.9.1.202307191849\\db\/plugins/boardmanager/
2025-04-22 23:11:45,756 [INFO] ApiDb:261 - Set plugin images path to: E:\ruanjian\STM32CubeIDE_1.13.1\STM32CubeIDE\plugins\com.st.stm32cube.common.mx_6.9.1.202307191849\\db\/plugins/mcufinder/images/
2025-04-22 23:11:45,757 [WARN] DbFile:41 - Overriding database path with different value: C:\Users\keqin.wang\.stmcufinder\plugins\mcufinder/ => C:\Users\keqin.wang\.stmcufinder\plugins\mcufinder
2025-04-22 23:11:45,757 [INFO] ApiDb:250 - Set database path to: C:\Users\keqin.wang\.stmcufinder\plugins\mcufinder//mcu/
2025-04-22 23:11:45,757 [WARN] DbFile:41 - Overriding database path with different value: C:\Users\keqin.wang\.stmcufinder\plugins\mcufinder/ => C:\Users\keqin.wang\.stmcufinder\plugins\mcufinder
2025-04-22 23:11:45,757 [INFO] DbMcusAds:125 - Set database path to: C:\Users\keqin.wang\.stmcufinder\plugins\mcufinder//mcu/
2025-04-22 23:11:45,757 [WARN] DbFile:41 - Overriding database path with different value: C:\Users\keqin.wang\.stmcufinder\plugins\mcufinder/ => C:\Users\keqin.wang\.stmcufinder\plugins\mcufinder
2025-04-22 23:11:45,757 [WARN] DbFile:41 - Overriding database path with different value: C:\Users\keqin.wang\.stmcufinder\plugins\mcufinder/ => C:\Users\keqin.wang\.stmcufinder\plugins\mcufinder
2025-04-22 23:11:45,757 [INFO] CrossReferenceDbSqlite:203 - Set database path to: C:\Users\keqin.wang\.stmcufinder\plugins\mcufinder//mcu/cs/
2025-04-22 23:11:45,819 [INFO] MainPanel:262 - HeapMemory: 268435456
2025-04-22 23:11:45,874 [INFO] DbMcusXml:78 - Set database path to: E:\ruanjian\STM32CubeIDE_1.13.1\STM32CubeIDE\plugins\com.st.stm32cube.common.mx_6.9.1.202307191849\\db\/mcu/
2025-04-22 23:11:45,874 [INFO] ApiDb:274 - Set plugin database path to: E:\ruanjian\STM32CubeIDE_1.13.1\STM32CubeIDE\plugins\com.st.stm32cube.common.mx_6.9.1.202307191849\\db\/plugins/boardmanager/
2025-04-22 23:11:45,874 [INFO] ApiDb:261 - Set plugin images path to: E:\ruanjian\STM32CubeIDE_1.13.1\STM32CubeIDE\plugins\com.st.stm32cube.common.mx_6.9.1.202307191849\\db\/plugins/mcufinder/images/
2025-04-22 23:11:45,875 [WARN] DbFile:41 - Overriding database path with different value: C:\Users\keqin.wang\.stmcufinder\plugins\mcufinder/ => C:\Users\keqin.wang\.stmcufinder\plugins\mcufinder
2025-04-22 23:11:45,875 [INFO] ApiDb:250 - Set database path to: C:\Users\keqin.wang\.stmcufinder\plugins\mcufinder//mcu/
2025-04-22 23:11:45,875 [WARN] DbFile:41 - Overriding database path with different value: C:\Users\keqin.wang\.stmcufinder\plugins\mcufinder/ => C:\Users\keqin.wang\.stmcufinder\plugins\mcufinder
2025-04-22 23:11:45,875 [INFO] DbMcusAds:125 - Set database path to: C:\Users\keqin.wang\.stmcufinder\plugins\mcufinder//mcu/
2025-04-22 23:11:45,875 [WARN] DbFile:41 - Overriding database path with different value: C:\Users\keqin.wang\.stmcufinder\plugins\mcufinder/ => C:\Users\keqin.wang\.stmcufinder\plugins\mcufinder
2025-04-22 23:11:45,875 [WARN] DbFile:41 - Overriding database path with different value: C:\Users\keqin.wang\.stmcufinder\plugins\mcufinder/ => C:\Users\keqin.wang\.stmcufinder\plugins\mcufinder
2025-04-22 23:11:45,875 [INFO] CrossReferenceDbSqlite:203 - Set database path to: C:\Users\keqin.wang\.stmcufinder\plugins\mcufinder//mcu/cs/
2025-04-22 23:11:45,891 [INFO] ApplicationProperties:184 - Using Application install path: E:\ruanjian\STM32CubeIDE_1.13.1\STM32CubeIDE\plugins\com.st.stm32cube.common.mx_6.9.1.202307191849
2025-04-22 23:11:45,893 [INFO] PluginManage:196 - Search for loadable plugins [exclusion list=, ]
2025-04-22 23:11:45,893 [INFO] PluginManage:310 - Check plugin analytics
2025-04-22 23:11:51,209 [INFO] AnalyticsPlugin:253 - Accepted Software Licenses: STM32CubeMX.6.2.1,STM32CubeMX.6.1.1
2025-04-22 23:11:51,210 [INFO] AnalyticsPlugin:255 - Accepted CMSIS Pack Licenses: 
2025-04-22 23:11:51,210 [INFO] AnalyticsPlugin:257 - Accepted Firmware Licenses: FW.F4.1.27.0
2025-04-22 23:11:51,214 [INFO] PluginManage:359 - Loaded plugin analytics (category:tool,tabindex:-1)
2025-04-22 23:11:51,215 [INFO] PluginManage:310 - Check plugin cadmodel
2025-04-22 23:11:51,220 [INFO] CADModel:105 - Init CAD model plugin
2025-04-22 23:11:51,220 [INFO] PluginManage:359 - Loaded plugin cadmodel (category:power,tabindex:5)
2025-04-22 23:11:51,220 [INFO] PluginManage:310 - Check plugin clock
2025-04-22 23:11:51,232 [INFO] PluginManage:359 - Loaded plugin clock (category:base,tabindex:2)
2025-04-22 23:11:51,232 [INFO] PluginManage:310 - Check plugin ddr
2025-04-22 23:11:51,234 [INFO] PluginManage:359 - Loaded plugin ddr (category:tool,tabindex:6)
2025-04-22 23:11:51,235 [INFO] PluginManage:310 - Check plugin filemanager
2025-04-22 23:11:51,353 [INFO] PluginManage:359 - Loaded plugin filemanager (category:base,tabindex:10)
2025-04-22 23:11:51,353 [INFO] PluginManage:310 - Check plugin ipmanager
2025-04-22 23:11:51,362 [INFO] PluginManage:359 - Loaded plugin ipmanager (category:base,tabindex:5)
2025-04-22 23:11:51,363 [INFO] PluginManage:310 - Check plugin lpbam
2025-04-22 23:11:51,371 [INFO] PluginManage:359 - Loaded plugin lpbam (category:base,tabindex:0)
2025-04-22 23:11:51,371 [INFO] PluginManage:310 - Check plugin memorymap
2025-04-22 23:11:51,380 [INFO] PluginManage:359 - Loaded plugin memorymap (category:base,tabindex:4)
2025-04-22 23:11:51,380 [INFO] PluginManage:310 - Check plugin pinoutandconfiguration
2025-04-22 23:11:51,387 [INFO] PluginManage:359 - Loaded plugin pinoutandconfiguration (category:base,tabindex:1)
2025-04-22 23:11:51,387 [INFO] PluginManage:310 - Check plugin pinoutconfig
2025-04-22 23:11:51,489 [WARN] SupportedApi:132 - Cannot load RTOS API schema: s4s-elt-must-match.1: The content of 'definitions' must match (annotation?, (simpleType | complexType)?, (unique | key | keyref)*)). A problem was found starting at: attribute.
2025-04-22 23:11:51,613 [INFO] PluginManage:359 - Loaded plugin pinoutconfig (category:base,tabindex:0)
2025-04-22 23:11:51,613 [INFO] PluginManage:310 - Check plugin power
2025-04-22 23:11:51,624 [INFO] PluginManage:359 - Loaded plugin power (category:power,tabindex:4)
2025-04-22 23:11:51,624 [INFO] PluginManage:310 - Check plugin projectmanager
2025-04-22 23:11:51,640 [INFO] PluginManage:359 - Loaded plugin projectmanager (category:projectmanager,tabindex:3)
2025-04-22 23:11:51,640 [INFO] PluginManage:310 - Check plugin thirdparty
2025-04-22 23:11:51,760 [INFO] PluginManage:359 - Loaded plugin thirdparty (category:base,tabindex:-1)
2025-04-22 23:11:51,760 [WARN] IntegrityCheckThread:84 - waiting for thirdparty lock release [integrity check]
2025-04-22 23:11:51,760 [INFO] IntegrityCheckThread:86 - entering critical section [integrity check]
2025-04-22 23:11:51,760 [INFO] PluginManage:310 - Check plugin tools
2025-04-22 23:11:51,761 [INFO] ThirdPartyUpdaterWithRetryManager:70 - Updater plugin not ready yet. [1/15]
2025-04-22 23:11:51,763 [INFO] PluginManage:359 - Loaded plugin tools (category:base,tabindex:7)
2025-04-22 23:11:51,763 [INFO] PluginManage:310 - Check plugin tutovideos
2025-04-22 23:11:51,909 [INFO] PluginManage:359 - Loaded plugin tutovideos (category:base,tabindex:-1)
2025-04-22 23:11:51,909 [INFO] PluginManage:310 - Check plugin updater
2025-04-22 23:11:51,920 [INFO] PluginManage:359 - Loaded plugin updater (category:base,tabindex:12)
2025-04-22 23:11:51,920 [INFO] PluginManage:310 - Check plugin userauth
2025-04-22 23:11:51,925 [INFO] UserAuth:113 - Init User Auth plugin
2025-04-22 23:11:51,925 [INFO] PluginManage:359 - Loaded plugin userauth (category:base,tabindex:14)
2025-04-22 23:11:51,926 [INFO] PluginManage:283 - PluginManage : Loaded plugins [17]
2025-04-22 23:11:52,154 [INFO] PinOutPanel:1499 - setPackage(No Configuration,No Configuration)
2025-04-22 23:11:52,283 [INFO] CADModel:165 - CPN selected for project level
2025-04-22 23:11:52,283 [INFO] CADModel:114 - Register for checkConnection events
2025-04-22 23:11:52,297 [INFO] IPUIPlugin:80 - create IPUIPlugin
2025-04-22 23:11:52,297 [INFO] PluginManager:220 - loadIPPluginJar : add adc
2025-04-22 23:11:52,299 [INFO] IPUIPlugin:80 - create IPUIPlugin
2025-04-22 23:11:52,300 [INFO] PluginManager:220 - loadIPPluginJar : add aes
2025-04-22 23:11:52,303 [INFO] IPUIPlugin:80 - create IPUIPlugin
2025-04-22 23:11:52,303 [INFO] PluginManager:220 - loadIPPluginJar : add can
2025-04-22 23:11:52,304 [INFO] IPUIPlugin:80 - create IPUIPlugin
2025-04-22 23:11:52,304 [INFO] PluginManager:220 - loadIPPluginJar : add comp
2025-04-22 23:11:52,307 [INFO] IPUIPlugin:80 - create IPUIPlugin
2025-04-22 23:11:52,307 [INFO] PluginManager:220 - loadIPPluginJar : add cryp
2025-04-22 23:11:52,309 [INFO] IPUIPlugin:80 - create IPUIPlugin
2025-04-22 23:11:52,309 [INFO] PluginManager:220 - loadIPPluginJar : add dfsdm
2025-04-22 23:11:52,313 [INFO] IPUIPlugin:80 - create IPUIPlugin
2025-04-22 23:11:52,314 [INFO] PluginManager:220 - loadIPPluginJar : add dma
2025-04-22 23:11:52,316 [INFO] IPUIPlugin:80 - create IPUIPlugin
2025-04-22 23:11:52,316 [INFO] PluginManager:220 - loadIPPluginJar : add dma3
2025-04-22 23:11:52,317 [INFO] IPUIPlugin:80 - create IPUIPlugin
2025-04-22 23:11:52,317 [INFO] PluginManager:220 - loadIPPluginJar : add fatfs
2025-04-22 23:11:52,321 [INFO] IPUIPlugin:80 - create IPUIPlugin
2025-04-22 23:11:52,322 [INFO] PluginManager:220 - loadIPPluginJar : add fmc
2025-04-22 23:11:52,325 [INFO] IPUIPlugin:80 - create IPUIPlugin
2025-04-22 23:11:52,326 [INFO] PluginManager:220 - loadIPPluginJar : add freertos
2025-04-22 23:11:52,328 [INFO] IPUIPlugin:80 - create IPUIPlugin
2025-04-22 23:11:52,328 [INFO] PluginManager:220 - loadIPPluginJar : add genericplugin
2025-04-22 23:11:52,331 [INFO] IPUIPlugin:80 - create IPUIPlugin
2025-04-22 23:11:52,332 [INFO] PluginManager:220 - loadIPPluginJar : add gfxmmu
2025-04-22 23:11:52,337 [INFO] IPUIPlugin:80 - create IPUIPlugin
2025-04-22 23:11:52,337 [INFO] PluginManager:220 - loadIPPluginJar : add gic
2025-04-22 23:11:52,340 [INFO] IPUIPlugin:80 - create IPUIPlugin
2025-04-22 23:11:52,340 [INFO] PluginManager:220 - loadIPPluginJar : add gpio
2025-04-22 23:11:52,342 [INFO] IPUIPlugin:80 - create IPUIPlugin
2025-04-22 23:11:52,342 [INFO] PluginManager:220 - loadIPPluginJar : add gtzc
2025-04-22 23:11:52,344 [INFO] IPUIPlugin:80 - create IPUIPlugin
2025-04-22 23:11:52,344 [INFO] PluginManager:220 - loadIPPluginJar : add hash
2025-04-22 23:11:52,347 [INFO] IPUIPlugin:80 - create IPUIPlugin
2025-04-22 23:11:52,347 [INFO] PluginManager:220 - loadIPPluginJar : add i2c
2025-04-22 23:11:52,348 [INFO] IPUIPlugin:80 - create IPUIPlugin
2025-04-22 23:11:52,349 [INFO] PluginManager:220 - loadIPPluginJar : add i2s
2025-04-22 23:11:52,352 [INFO] IPUIPlugin:80 - create IPUIPlugin
2025-04-22 23:11:52,352 [INFO] PluginManager:220 - loadIPPluginJar : add i3c
2025-04-22 23:11:52,354 [INFO] IPUIPlugin:80 - create IPUIPlugin
2025-04-22 23:11:52,354 [INFO] PluginManager:220 - loadIPPluginJar : add ipddr
2025-04-22 23:11:52,360 [INFO] IPUIPlugin:80 - create IPUIPlugin
2025-04-22 23:11:52,360 [INFO] PluginManager:220 - loadIPPluginJar : add linkedlist
2025-04-22 23:11:52,362 [INFO] IPUIPlugin:80 - create IPUIPlugin
2025-04-22 23:11:52,362 [INFO] PluginManager:220 - loadIPPluginJar : add lorawan
2025-04-22 23:11:52,363 [INFO] IPUIPlugin:80 - create IPUIPlugin
2025-04-22 23:11:52,363 [INFO] PluginManager:220 - loadIPPluginJar : add ltdc
2025-04-22 23:11:52,368 [INFO] IPUIPlugin:80 - create IPUIPlugin
2025-04-22 23:11:52,368 [INFO] PluginManager:220 - loadIPPluginJar : add mdma
2025-04-22 23:11:52,373 [INFO] IPUIPlugin:80 - create IPUIPlugin
2025-04-22 23:11:52,373 [INFO] PluginManager:220 - loadIPPluginJar : add nvic
2025-04-22 23:11:52,375 [INFO] IPUIPlugin:80 - create IPUIPlugin
2025-04-22 23:11:52,375 [INFO] PluginManager:220 - loadIPPluginJar : add opamp
2025-04-22 23:11:52,378 [INFO] IPUIPlugin:80 - create IPUIPlugin
2025-04-22 23:11:52,378 [INFO] PluginManager:220 - loadIPPluginJar : add openamp
2025-04-22 23:11:52,380 [INFO] IPUIPlugin:80 - create IPUIPlugin
2025-04-22 23:11:52,380 [INFO] PluginManager:220 - loadIPPluginJar : add pdm2pcm
2025-04-22 23:11:52,384 [INFO] IPUIPlugin:80 - create IPUIPlugin
2025-04-22 23:11:52,387 [INFO] PluginManager:220 - loadIPPluginJar : add plateformsettings
2025-04-22 23:11:52,388 [INFO] IPUIPlugin:80 - create IPUIPlugin
2025-04-22 23:11:52,388 [INFO] PluginManager:220 - loadIPPluginJar : add quadspi
2025-04-22 23:11:52,391 [INFO] IPUIPlugin:80 - create IPUIPlugin
2025-04-22 23:11:52,391 [INFO] PluginManager:220 - loadIPPluginJar : add resmgrutility
2025-04-22 23:11:52,394 [INFO] IPUIPlugin:80 - create IPUIPlugin
2025-04-22 23:11:52,394 [INFO] PluginManager:220 - loadIPPluginJar : add sai
2025-04-22 23:11:52,395 [INFO] IPUIPlugin:80 - create IPUIPlugin
2025-04-22 23:11:52,396 [INFO] PluginManager:220 - loadIPPluginJar : add spi
2025-04-22 23:11:52,400 [INFO] IPUIPlugin:80 - create IPUIPlugin
2025-04-22 23:11:52,400 [INFO] PluginManager:220 - loadIPPluginJar : add stm32_wpan
2025-04-22 23:11:52,402 [INFO] IPUIPlugin:80 - create IPUIPlugin
2025-04-22 23:11:52,402 [INFO] PluginManager:220 - loadIPPluginJar : add tim
2025-04-22 23:11:52,404 [INFO] IPUIPlugin:80 - create IPUIPlugin
2025-04-22 23:11:52,404 [INFO] PluginManager:220 - loadIPPluginJar : add touchsensing
2025-04-22 23:11:52,406 [INFO] IPUIPlugin:80 - create IPUIPlugin
2025-04-22 23:11:52,406 [INFO] PluginManager:220 - loadIPPluginJar : add tracer_emb
2025-04-22 23:11:52,409 [INFO] IPUIPlugin:80 - create IPUIPlugin
2025-04-22 23:11:52,409 [INFO] PluginManager:220 - loadIPPluginJar : add ts
2025-04-22 23:11:52,410 [INFO] IPUIPlugin:80 - create IPUIPlugin
2025-04-22 23:11:52,410 [INFO] PluginManager:220 - loadIPPluginJar : add tsc
2025-04-22 23:11:52,412 [INFO] IPUIPlugin:80 - create IPUIPlugin
2025-04-22 23:11:52,412 [INFO] PluginManager:220 - loadIPPluginJar : add ucpd
2025-04-22 23:11:52,414 [INFO] IPUIPlugin:80 - create IPUIPlugin
2025-04-22 23:11:52,414 [INFO] PluginManager:220 - loadIPPluginJar : add usart
2025-04-22 23:11:52,417 [INFO] IPUIPlugin:80 - create IPUIPlugin
2025-04-22 23:11:52,417 [INFO] PluginManager:220 - loadIPPluginJar : add usbx
2025-04-22 23:11:52,540 [INFO] CADModel:165 - CPN selected for project level
2025-04-22 23:11:52,540 [INFO] CADModel:114 - Register for checkConnection events
2025-04-22 23:11:52,540 [FATAL] Updater:308 - Updater called before beeing initialized
2025-04-22 23:11:52,540 [ERROR] CADModel:125 - Updater not yet initialized, retry later 
2025-04-22 23:11:52,653 [INFO] CADModel:165 - CPN selected for project level
2025-04-22 23:11:52,653 [INFO] CADModel:114 - Register for checkConnection events
2025-04-22 23:11:52,653 [FATAL] Updater:308 - Updater called before beeing initialized
2025-04-22 23:11:52,653 [ERROR] CADModel:125 - Updater not yet initialized, retry later 
2025-04-22 23:11:52,657 [FATAL] Updater:308 - Updater called before beeing initialized
2025-04-22 23:11:52,754 [FATAL] Updater:308 - Updater called before beeing initialized
2025-04-22 23:11:52,759 [INFO] DbMcusAds:53 - JSON generation date=Wed Nov 29 18:52:27 CST 2023 (1701255147349)
2025-04-22 23:11:52,759 [FATAL] Updater:308 - Updater called before beeing initialized
2025-04-22 23:11:52,788 [WARN] DetailPanel:346 - Failed to get advertising image, set to default
2025-04-22 23:11:52,866 [FATAL] Updater:308 - Updater called before beeing initialized
2025-04-22 23:11:52,868 [FATAL] Updater:308 - Updater called before beeing initialized
2025-04-22 23:11:52,868 [FATAL] Updater:308 - Updater called before beeing initialized
2025-04-22 23:11:52,868 [WARN] DetailPanel:346 - Failed to get advertising image, set to default
2025-04-22 23:11:52,870 [FATAL] Updater:308 - Updater called before beeing initialized
2025-04-22 23:11:52,905 [ERROR] Updater:1120 - MainUpdater not yet initialized. External WinMGr cannot be set.
2025-04-22 23:11:52,906 [INFO] Updater:1056 - Updater Version found : 6.9.1
2025-04-22 23:11:52,921 [INFO] ApplicationProperties:184 - Using Application install path: E:\ruanjian\STM32CubeIDE_1.13.1\STM32CubeIDE\plugins\com.st.stm32cube.common.mx_6.9.1.202307191849
2025-04-22 23:11:53,097 [INFO] MainUpdater:2868 - connection check result : 10
2025-04-22 23:11:53,098 [INFO] MainUpdater:285 - Updater Check For Update Now.
2025-04-22 23:11:53,098 [INFO] MicroXplorer:498 - Change Database Version : DB.6.0.91
2025-04-22 23:11:53,110 [INFO] McuFinderGlobals:63 - Set McuFinder mode to 2 (CubeIDE integrated)
2025-04-22 23:11:53,110 [INFO] UserAuth:179 - activating auth plugin
2025-04-22 23:11:53,113 [INFO] UserAuth:393 - Internet connection configuration mode: 1
2025-04-22 23:11:53,150 [INFO] JxBrowserEngine:151 - Initiate JxBrowser Engine with user profile folder
2025-04-22 23:11:53,268 [INFO] CheckServerUpdateThread:120 - End of CheckServer Thread
2025-04-22 23:11:53,317 [INFO] MainUpdater:2868 - connection check result : 10
2025-04-22 23:11:53,654 [INFO] ApiDb:581 - Connected to CubeFinder SQLite database (C:\Users\keqin.wang\.stmcufinder\plugins\mcufinder\mcu\cube-finder-db.db)
2025-04-22 23:11:53,711 [INFO] ApiDb:668 - CubeFinder database Data Model version=2.1
2025-04-22 23:11:53,711 [INFO] ApiDb:669 - CubeFinder database Configuration version=3.0.39
2025-04-22 23:11:53,711 [INFO] ApiDb:670 - CubeFinder database generation date=2025-03-24 (1742811287)
2025-04-22 23:11:53,711 [INFO] ApiDb:671 - CubeFinder database FW Pack versions=[FP-ATR-ASTRA1_V2.0.0, FP-SNS-FLIGHT1_V5.0.2, FP-SNS-MOTENV1_V5.0.0, FP-SNS-MOTENVWB1_V1.4.0, FP-SNS-SMARTAG2_V1.2.0, FP-SNS-STBOX1_V2.0.0, STM32Cube_FW_C0_V1.4.0, STM32Cube_FW_F4_V1.28.1, STM32Cube_FW_F7_V1.17.2, STM32Cube_FW_G0_V1.6.2, STM32Cube_FW_G4_V1.6.1, STM32Cube_FW_H5_V1.5.0, STM32Cube_FW_H7RS_V1.2.0, STM32Cube_FW_H7_V1.12.1, STM32Cube_FW_L0_V1.12.2, STM32Cube_FW_L4_V1.18.1, STM32Cube_FW_L5_V1.5.1, STM32Cube_FW_N6_V1.1.0, STM32Cube_FW_U0_V1.2.0, STM32Cube_FW_U3_V1.1.0, STM32Cube_FW_U5_V1.7.0, STM32Cube_FW_WB0_V1.2.0, STM32Cube_FW_WBA_V1.6.0, STM32Cube_FW_WB_V1.22.0, STM32Cube_FW_WL3_V1.1.0, STM32Cube_FW_WL_V1.3.1, X-CUBE-ALGOBUILD_V1.4.0, X-CUBE-ALS_V1.0.2, X-CUBE-AZRTOS-F4_V1.1.0, X-CUBE-AZRTOS-F7_V1.1.0, X-CUBE-AZRTOS-G0_V1.1.0, X-CUBE-AZRTOS-G4_V2.0.0, X-CUBE-AZRTOS-H7RS_V1.0.0, X-CUBE-AZRTOS-H7_V3.3.0, X-CUBE-AZRTOS-L4_V2.0.0, X-CUBE-AZRTOS-L5_V2.0.0, X-CUBE-AZRTOS-WB_V2.0.0, X-CUBE-AZRTOS-WL_V2.0.0, X-CUBE-BLE1_V7.1.0, X-CUBE-BLE2_V3.3.0, X-CUBE-BLEMGR_V4.0.0, X-CUBE-EEPRMA1_V5.1.0, X-CUBE-FREERTOS_V1.3.0, X-CUBE-GNSS1_V6.0.0, X-CUBE-MEMS1_V11.1.0, X-CUBE-NFC4_V3.0.0, X-CUBE-NFC7_V1.0.1, X-CUBE-SFXS2LP1_V4.0.0, X-CUBE-SUBG2_V5.0.0, X-CUBE-TOF1_V3.4.2]
2025-04-22 23:11:53,768 [INFO] DbBoardsSqlite:226 - include board P-NUCLEO-WB55-NUCLEO as a kit item of type 'Nucleo-64'
2025-04-22 23:11:53,769 [INFO] DbBoardsSqlite:226 - include board P-NUCLEO-WB55-USBDONGLE as a kit item of type 'Nucleo USB Dongle'
2025-04-22 23:11:53,769 [INFO] DbBoardsSqlite:226 - include board STEVAL-IDP005V1 as a kit item of type 'Evaluation Board'
2025-04-22 23:11:53,769 [INFO] DbBoardsSqlite:226 - include board STEVAL-IDP005V2 as a kit item of type 'Evaluation Board'
2025-04-22 23:11:53,864 [INFO] ApiDb:240 - Found 323 in-development CPN: [B-G473E-ZEST1S, B-WB1M-WPAN1, B-WL5M-SUBG1, NUCLEO-C031C6, NUCLEO-H503RB, NUCLEO-H563ZI, NUCLEO-U545RE-Q, NUCLEO-U5A5ZJ-Q, NUCLEO-WBA52CG, STEVAL-PROTEUS1, STEVAL-SMARTAG2, STEVAL-STWINBX1, STM320518-EVAL, STM32C0116-DK, STM32C011D6Y3TR, STM32C011D6Y6TR, STM32C011F4P3, STM32C011F4P6, STM32C011F4U3, STM32C011F4U6TR, STM32C011F6P3, STM32C011F6P6, STM32C011F6U3, STM32C011F6U6TR, STM32C011J4M3, STM32C011J4M6, STM32C011J6M3, STM32C011J6M6, STM32C0316-DK, STM32C031C4T3, STM32C031C4T6, STM32C031C4U3, STM32C031C4U6, STM32C031C6T3, STM32C031C6T6, STM32C031C6U3, STM32C031C6U6, STM32C031F4P3, STM32C031F4P6, STM32C031F6P3, STM32C031F6P6, STM32C031G4U3, STM32C031G4U6, STM32C031G6U3, STM32C031G6U6, STM32C031K4T3, STM32C031K4T6, STM32C031K4U3, STM32C031K4U6, STM32C031K6T3, STM32C031K6T6, STM32C031K6U3, STM32C031K6U6, STM32G071K8TXN, STM32G071K8UXN, STM32G081GBU6N, STM32G081KBT6N, STM32G081KBUXN, STM32G0B1CCT6N, STM32G0B1KCT6, STM32G0B1NEY6TR, STM32G0B1RCT6N, STM32G0C1CCT6, STM32G0C1CCT6N, STM32G0C1CCU6N, STM32G0C1CET6N, STM32G0C1CEU6N, STM32G0C1KCT6, STM32G0C1NEY6TR, STM32G0C1RCI6N, STM32G0C1RCT6N, STM32G0C1REI6N, STM32G0C1RET6N, STM32G0C1VCI6, STM32G0C1VEI6, STM32G471CCT6, STM32G471CCU6, STM32G471CET3, STM32G471CET6, STM32G471CEU3, STM32G471CEU6, STM32G471MCT6, STM32G471MET3, STM32G471MET6, STM32G471MEY6TR, STM32G471QCT6, STM32G471QET3, STM32G471RCT6, STM32G471RET3, STM32G471RET6, STM32G471VCH6, STM32G471VCI6, STM32G471VCT6, STM32G471VEH3, STM32G471VEH6, STM32G471VEI3, STM32G471VEI6, STM32G471VET3, STM32G471VET6, STM32G474CCT6, STM32H503CBT6, STM32H503CBU6, STM32H503EBY6TR, STM32H503KBU6, STM32H503RBT6, STM32H562AGI6, STM32H562AII6, STM32H562IGK6, STM32H562IGT6, STM32H562IIK6, STM32H562IIT6, STM32H562RGT6, STM32H562RGV6, STM32H562RIT6, STM32H562RIV6, STM32H562VGT6, STM32H562VIT6, STM32H562ZGT6, STM32H562ZIT6, STM32H563AGI6, STM32H563AII3Q, STM32H563AII6, STM32H563IGK6, STM32H563IGT6, STM32H563IIK3Q, STM32H563IIK6, STM32H563IIT3Q, STM32H563IIT6, STM32H563MIY3QTR, STM32H563RGT6, STM32H563RGV6, STM32H563RIT6, STM32H563RIV6, STM32H563VGT6, STM32H563VIT3Q, STM32H563VIT6, STM32H563ZGT6, STM32H563ZIT3Q, STM32H563ZIT6, STM32H573AII3Q, STM32H573AII6, STM32H573I-DK, STM32H573IIK3Q, STM32H573IIK6, STM32H573IIT3Q, STM32H573IIT6, STM32H573MIY3QTR, STM32H573RIT6, STM32H573RIV6, STM32H573VIT3Q, STM32H573VIT6, STM32H573ZIT3Q, STM32H573ZIT6, STM32L4R5QGI6STR, STM32MP131AAE3, STM32MP131AAF3, STM32MP131AAG3, STM32MP131CAE3, STM32MP131CAF3, STM32MP131CAG3, STM32MP131DAE7, STM32MP131DAF7, STM32MP131DAG7, STM32MP131FAE7, STM32MP131FAF7, STM32MP131FAG7, STM32MP133AAE3, STM32MP133AAF3, STM32MP133AAG3, STM32MP133CAE3, STM32MP133CAF3, STM32MP133CAG3, STM32MP133DAE7, STM32MP133DAF7, STM32MP133DAG7, STM32MP133FAE7, STM32MP133FAF7, STM32MP133FAG7, STM32MP135AAE3, STM32MP135AAF3, STM32MP135AAG3, STM32MP135CAE3, STM32MP135CAF3, STM32MP135CAG3, STM32MP135DAE7, STM32MP135DAF7, STM32MP135DAG7, STM32MP135F-DK, STM32MP135FAE7, STM32MP135FAF7, STM32MP135FAF7T, STM32MP135FAF7U, STM32MP135FAG7, STM32U535CBT6, STM32U535CBT6Q, STM32U535CBU6, STM32U535CBU6Q, STM32U535CCT6, STM32U535CCT6Q, STM32U535CCU6, STM32U535CCU6Q, STM32U535CET6, STM32U535CET6Q, STM32U535CEU6, STM32U535CEU6Q, STM32U535JEY6QTR, STM32U535NCY6QTR, STM32U535NEY6QTR, STM32U535RBI6, STM32U535RBI6Q, STM32U535RBT6, STM32U535RBT6Q, STM32U535RCI6, STM32U535RCI6Q, STM32U535RCT6, STM32U535RCT6Q, STM32U535REI6, STM32U535REI6Q, STM32U535RET6, STM32U535RET6Q, STM32U535VCI6, STM32U535VCI6Q, STM32U535VCT6, STM32U535VCT6Q, STM32U535VEI6, STM32U535VEI6Q, STM32U535VET6, STM32U535VET6Q, STM32U545CET6, STM32U545CET6Q, STM32U545CEU6, STM32U545CEU6Q, STM32U545JEY6QTR, STM32U545NEY6QTR, STM32U545REI6, STM32U545REI6Q, STM32U545RET6, STM32U545RET6Q, STM32U545VEI6, STM32U545VEI6Q, STM32U545VET6, STM32U545VET6Q, STM32U595AIH6, STM32U595AIH6Q, STM32U595AJH6, STM32U595AJH6Q, STM32U595QII6, STM32U595QII6Q, STM32U595QJI6, STM32U595QJI6Q, STM32U595RIT6, STM32U595RIT6Q, STM32U595RJT6, STM32U595RJT6Q, STM32U595VIT6, STM32U595VIT6Q, STM32U595VJT6, STM32U595VJT6Q, STM32U595ZIT6, STM32U595ZIT6Q, STM32U595ZIY6QTR, STM32U595ZJT6, STM32U595ZJT6Q, STM32U595ZJY6QTR, STM32U599BJY6QTR, STM32U599NIH6Q, STM32U599NJH6Q, STM32U599VIT6Q, STM32U599VJT6, STM32U599VJT6Q, STM32U599ZIT6Q, STM32U599ZIY6QTR, STM32U599ZJT6Q, STM32U599ZJY6QTR, STM32U5A5AJH6, STM32U5A5AJH6Q, STM32U5A5QJI6, STM32U5A5QJI6Q, STM32U5A5RJT6, STM32U5A5RJT6Q, STM32U5A5VJT6, STM32U5A5VJT6Q, STM32U5A5ZJT6, STM32U5A5ZJT6Q, STM32U5A5ZJY6QTR, STM32U5A9BJY6QTR, STM32U5A9J-DK, STM32U5A9NJH6Q, STM32U5A9VJT6Q, STM32U5A9ZJT6Q, STM32U5A9ZJY6QTR, STM32U5F7VIT6, STM32U5F7VIT6Q, STM32U5F7VJT6, STM32U5F7VJT6Q, STM32U5F9BJY6QTR, STM32U5F9NJH6Q, STM32U5F9VIT6Q, STM32U5F9VJT6Q, STM32U5F9ZIJ6QTR, STM32U5F9ZIT6Q, STM32U5F9ZJJ6QTR, STM32U5F9ZJT6Q, STM32U5G7VJT6, STM32U5G7VJT6Q, STM32U5G9BJY6QTR, STM32U5G9J-DK1, STM32U5G9J-DK2, STM32U5G9NJH6Q, STM32U5G9VJT6Q, STM32U5G9ZJJ6QTR, STM32U5G9ZJT6Q, STM32WB1MMCH6, STM32WBA52CEU6, STM32WBA52CEU6T, STM32WBA52CGU6, STM32WBA52CGU6T, STM32WBA52KEU6, STM32WBA52KEU6T, STM32WBA52KGU6, STM32WBA52KGU6T, STM32WL5MOCH6, STM32WL5MOCH6TR]
2025-04-22 23:11:53,873 [INFO] ApiDb:668 - CubeFinder database Data Model version=2.1
2025-04-22 23:11:53,873 [INFO] ApiDb:669 - CubeFinder database Configuration version=3.0.39
2025-04-22 23:11:53,873 [INFO] ApiDb:670 - CubeFinder database generation date=2025-03-24 (1742811287)
2025-04-22 23:11:53,873 [INFO] ApiDb:671 - CubeFinder database FW Pack versions=[FP-ATR-ASTRA1_V2.0.0, FP-SNS-FLIGHT1_V5.0.2, FP-SNS-MOTENV1_V5.0.0, FP-SNS-MOTENVWB1_V1.4.0, FP-SNS-SMARTAG2_V1.2.0, FP-SNS-STBOX1_V2.0.0, STM32Cube_FW_C0_V1.4.0, STM32Cube_FW_F4_V1.28.1, STM32Cube_FW_F7_V1.17.2, STM32Cube_FW_G0_V1.6.2, STM32Cube_FW_G4_V1.6.1, STM32Cube_FW_H5_V1.5.0, STM32Cube_FW_H7RS_V1.2.0, STM32Cube_FW_H7_V1.12.1, STM32Cube_FW_L0_V1.12.2, STM32Cube_FW_L4_V1.18.1, STM32Cube_FW_L5_V1.5.1, STM32Cube_FW_N6_V1.1.0, STM32Cube_FW_U0_V1.2.0, STM32Cube_FW_U3_V1.1.0, STM32Cube_FW_U5_V1.7.0, STM32Cube_FW_WB0_V1.2.0, STM32Cube_FW_WBA_V1.6.0, STM32Cube_FW_WB_V1.22.0, STM32Cube_FW_WL3_V1.1.0, STM32Cube_FW_WL_V1.3.1, X-CUBE-ALGOBUILD_V1.4.0, X-CUBE-ALS_V1.0.2, X-CUBE-AZRTOS-F4_V1.1.0, X-CUBE-AZRTOS-F7_V1.1.0, X-CUBE-AZRTOS-G0_V1.1.0, X-CUBE-AZRTOS-G4_V2.0.0, X-CUBE-AZRTOS-H7RS_V1.0.0, X-CUBE-AZRTOS-H7_V3.3.0, X-CUBE-AZRTOS-L4_V2.0.0, X-CUBE-AZRTOS-L5_V2.0.0, X-CUBE-AZRTOS-WB_V2.0.0, X-CUBE-AZRTOS-WL_V2.0.0, X-CUBE-BLE1_V7.1.0, X-CUBE-BLE2_V3.3.0, X-CUBE-BLEMGR_V4.0.0, X-CUBE-EEPRMA1_V5.1.0, X-CUBE-FREERTOS_V1.3.0, X-CUBE-GNSS1_V6.0.0, X-CUBE-MEMS1_V11.1.0, X-CUBE-NFC4_V3.0.0, X-CUBE-NFC7_V1.0.1, X-CUBE-SFXS2LP1_V4.0.0, X-CUBE-SUBG2_V5.0.0, X-CUBE-TOF1_V3.4.2]
2025-04-22 23:11:54,083 [INFO] WebApp:157 - Instantiating new browser for Auth
2025-04-22 23:11:54,703 [INFO] WebApp:753 - Register for checkConnection events
2025-04-22 23:11:54,704 [INFO] WebApp:390 - Apply proxy settings
2025-04-22 23:11:54,704 [INFO] WebApp:475 - Chromium requires no authentication
2025-04-22 23:11:54,711 [INFO] WebApp:418 - Direct internet connection detected
2025-04-22 23:11:54,906 [INFO] WebApp:188 - Starting web application
2025-04-22 23:11:54,906 [INFO] WebApp:520 - Web application path used E:\ruanjian\STM32CubeIDE_1.13.1\STM32CubeIDE\plugins\com.st.stm32cube.common.mx_6.9.1.202307191849\db\plugins\mcufinder\reactClient1\index.html
2025-04-22 23:11:55,241 [WARN] PackLoader:240 - Cannot read IP mode file for STMicroelectronics.FP-ATR-ASTRA1.2.0.2
2025-04-22 23:11:55,261 [WARN] PackLoader:240 - Cannot read IP mode file for STMicroelectronics.X-CUBE-WB05N.1.1.0
2025-04-22 23:11:55,274 [WARN] PackLoader:240 - Cannot read IP mode file for STMicroelectronics.X-CUBE-TOUCHGFX.4.23.2
2025-04-22 23:11:55,312 [WARN] PackLoader:240 - Cannot read IP mode file for STMicroelectronics.X-CUBE-AZRTOS-F7.1.1.0
2025-04-22 23:11:55,394 [WARN] PackLoader:240 - Cannot read IP mode file for STMicroelectronics.X-CUBE-MEMS1.11.0.0
2025-04-22 23:11:55,560 [WARN] PackLoader:240 - Cannot read IP mode file for STMicroelectronics.X-CUBE-BLE1.7.0.0
2025-04-22 23:11:55,572 [WARN] PackLoader:240 - Cannot read IP mode file for STMicroelectronics.X-CUBE-NFC10.1.0.0
2025-04-22 23:11:55,580 [ERROR] Engine:466 - C:\Users\keqin.wang\.stm32cubemx\thirdparties\pdsc\STMicroelectronics.X-CUBE-BLEMGR.4.0.0.pdsc: PDSC version is not supported
2025-04-22 23:11:55,584 [ERROR] Engine:466 - C:\Users\keqin.wang\.stm32cubemx\thirdparties\pdsc\quantropi.X-CUBE-qispace-sdk-base.2.0.0.pdsc: PDSC version is not supported
2025-04-22 23:11:55,592 [WARN] PackLoader:240 - Cannot read IP mode file for STMicroelectronics.X-CUBE-AI.10.0.0
2025-04-22 23:11:55,594 [ERROR] Engine:466 - C:\Users\keqin.wang\.stm32cubemx\thirdparties\pdsc\STMicroelectronics.FP-SNS-FLIGHT1.5.1.0.pdsc: PDSC version is not supported
2025-04-22 23:11:55,692 [WARN] PackLoader:240 - Cannot read IP mode file for STMicroelectronics.X-CUBE-MEMS1.11.1.0
2025-04-22 23:11:55,883 [INFO] LogOutputStream:77 - [STDOUT_REDIRECT] 1 : Invalid condition id : UX_CORESTACK_Condition cause : null
2025-04-22 23:11:55,884 [INFO] LogOutputStream:77 - [STDOUT_REDIRECT] 1 : Invalid condition id : UX_CORESTACK_Condition cause : null
2025-04-22 23:11:55,887 [INFO] LogOutputStream:77 - [STDOUT_REDIRECT] 1 : Invalid condition id : UX_CORESTACK_Condition cause : null
2025-04-22 23:11:55,889 [INFO] LogOutputStream:77 - [STDOUT_REDIRECT] 1 : Invalid condition id : UX_CORESTACK_Condition cause : null
2025-04-22 23:11:55,891 [INFO] LogOutputStream:77 - [STDOUT_REDIRECT] 1 : Invalid condition id : UX_CORESTACK_Condition cause : null
2025-04-22 23:11:55,893 [WARN] PackLoader:240 - Cannot read IP mode file for STMicroelectronics.X-CUBE-AZRTOS-WL.2.0.0
2025-04-22 23:11:55,908 [WARN] PackLoader:240 - Cannot read IP mode file for wolfSSL.I-CUBE-wolfMQTT.1.19.0
2025-04-22 23:11:55,943 [WARN] PackLoader:240 - Cannot read IP mode file for WES.I-CUBE-Cesium.1.3.0
2025-04-22 23:11:55,954 [WARN] PackLoader:240 - Cannot read IP mode file for STMicroelectronics.X-CUBE-BLE2.3.3.0
2025-04-22 23:11:55,961 [WARN] PackLoader:240 - Cannot read IP mode file for STMicroelectronics.X-CUBE-NFC9.1.0.0
2025-04-22 23:11:55,970 [WARN] PackLoader:240 - Cannot read IP mode file for STMicroelectronics.X-CUBE-BLE1.7.1.0
2025-04-22 23:11:55,981 [WARN] PackLoader:240 - Cannot read IP mode file for STMicroelectronics.X-CUBE-ALGOBUILD.1.3.0
2025-04-22 23:11:56,031 [WARN] PackLoader:240 - Cannot read IP mode file for STMicroelectronics.X-CUBE-MEMS1.11.2.0
2025-04-22 23:11:56,196 [WARN] PackLoader:240 - Cannot read IP mode file for STMicroelectronics.X-CUBE-AZRTOS-G0.1.1.0
2025-04-22 23:11:56,217 [WARN] PackLoader:240 - Cannot read IP mode file for STMicroelectronics.X-CUBE-SAFEA1.1.2.2
2025-04-22 23:11:56,228 [WARN] PackLoader:240 - Cannot read IP mode file for STMicroelectronics.X-CUBE-NFC4.3.0.0
2025-04-22 23:11:56,232 [ERROR] Engine:466 - C:\Users\keqin.wang\.stm32cubemx\thirdparties\pdsc\EmbeddedOffice.I-CUBE-FS-RTOS.1.0.1.pdsc: PDSC version is not supported
2025-04-22 23:11:56,238 [WARN] PackLoader:240 - Cannot read IP mode file for STMicroelectronics.X-CUBE-WB05N.2.0.0
2025-04-22 23:11:56,241 [ERROR] Engine:466 - C:\Users\keqin.wang\.stm32cubemx\thirdparties\pdsc\STMicroelectronics.X-CUBE-TCPP.4.2.0.pdsc: PDSC version is not supported
2025-04-22 23:11:56,244 [ERROR] Engine:466 - C:\Users\keqin.wang\.stm32cubemx\thirdparties\pdsc\RealThread.X-CUBE-RT-Thread_Nano.4.1.1.pdsc: PDSC version is not supported
2025-04-22 23:11:56,251 [WARN] PackLoader:240 - Cannot read IP mode file for wolfSSL.I-CUBE-wolfSSL.5.7.0
2025-04-22 23:11:56,259 [WARN] PackLoader:240 - Cannot read IP mode file for STMicroelectronics.FP-ATR-SIGFOX1.3.2.0
2025-04-22 23:11:56,269 [WARN] PackLoader:240 - Cannot read IP mode file for STMicroelectronics.X-CUBE-EEPRMA1.5.1.0
2025-04-22 23:11:56,313 [WARN] PackLoader:240 - Cannot read IP mode file for SEGGER.I-CUBE-embOS.1.3.1
2025-04-22 23:11:56,375 [WARN] PackLoader:240 - Cannot read IP mode file for STMicroelectronics.X-CUBE-ALGOBUILD.1.4.0
2025-04-22 23:11:56,380 [WARN] PackLoader:240 - Cannot read IP mode file for STMicroelectronics.X-CUBE-AI.9.1.0
2025-04-22 23:11:56,390 [WARN] PackLoader:240 - Cannot read IP mode file for STMicroelectronics.X-CUBE-GNSS1.6.0.0
2025-04-22 23:11:56,413 [WARN] PackLoader:240 - Cannot read IP mode file for STMicroelectronics.X-CUBE-AZRTOS-F4.1.1.0
2025-04-22 23:11:56,419 [ERROR] Engine:466 - C:\Users\keqin.wang\.stm32cubemx\thirdparties\pdsc\Avnet-IotConnect.X-CUBE-IoTC-DA16k-PMOD.1.0.0.pdsc: PDSC version is not supported
2025-04-22 23:11:56,429 [WARN] PackLoader:240 - Cannot read IP mode file for STMicroelectronics.X-CUBE-ISPU.2.1.0
2025-04-22 23:11:56,453 [WARN] PackLoader:240 - Cannot read IP mode file for STMicroelectronics.X-CUBE-AZRTOS-L5.2.0.0
2025-04-22 23:11:56,470 [WARN] PackLoader:240 - Cannot read IP mode file for STMicroelectronics.X-CUBE-NFC6.3.1.0
2025-04-22 23:11:56,476 [ERROR] Engine:466 - C:\Users\keqin.wang\.stm32cubemx\thirdparties\pdsc\STMicroelectronics.X-CUBE-DPower.1.2.0.pdsc: PDSC version is not supported
2025-04-22 23:11:56,482 [WARN] PackLoader:240 - Cannot read IP mode file for STMicroelectronics.X-CUBE-AI.9.0.0
2025-04-22 23:11:56,487 [INFO] ApiDb:240 - Found 323 in-development CPN: [B-G473E-ZEST1S, B-WB1M-WPAN1, B-WL5M-SUBG1, NUCLEO-C031C6, NUCLEO-H503RB, NUCLEO-H563ZI, NUCLEO-U545RE-Q, NUCLEO-U5A5ZJ-Q, NUCLEO-WBA52CG, STEVAL-PROTEUS1, STEVAL-SMARTAG2, STEVAL-STWINBX1, STM320518-EVAL, STM32C0116-DK, STM32C011D6Y3TR, STM32C011D6Y6TR, STM32C011F4P3, STM32C011F4P6, STM32C011F4U3, STM32C011F4U6TR, STM32C011F6P3, STM32C011F6P6, STM32C011F6U3, STM32C011F6U6TR, STM32C011J4M3, STM32C011J4M6, STM32C011J6M3, STM32C011J6M6, STM32C0316-DK, STM32C031C4T3, STM32C031C4T6, STM32C031C4U3, STM32C031C4U6, STM32C031C6T3, STM32C031C6T6, STM32C031C6U3, STM32C031C6U6, STM32C031F4P3, STM32C031F4P6, STM32C031F6P3, STM32C031F6P6, STM32C031G4U3, STM32C031G4U6, STM32C031G6U3, STM32C031G6U6, STM32C031K4T3, STM32C031K4T6, STM32C031K4U3, STM32C031K4U6, STM32C031K6T3, STM32C031K6T6, STM32C031K6U3, STM32C031K6U6, STM32G071K8TXN, STM32G071K8UXN, STM32G081GBU6N, STM32G081KBT6N, STM32G081KBUXN, STM32G0B1CCT6N, STM32G0B1KCT6, STM32G0B1NEY6TR, STM32G0B1RCT6N, STM32G0C1CCT6, STM32G0C1CCT6N, STM32G0C1CCU6N, STM32G0C1CET6N, STM32G0C1CEU6N, STM32G0C1KCT6, STM32G0C1NEY6TR, STM32G0C1RCI6N, STM32G0C1RCT6N, STM32G0C1REI6N, STM32G0C1RET6N, STM32G0C1VCI6, STM32G0C1VEI6, STM32G471CCT6, STM32G471CCU6, STM32G471CET3, STM32G471CET6, STM32G471CEU3, STM32G471CEU6, STM32G471MCT6, STM32G471MET3, STM32G471MET6, STM32G471MEY6TR, STM32G471QCT6, STM32G471QET3, STM32G471RCT6, STM32G471RET3, STM32G471RET6, STM32G471VCH6, STM32G471VCI6, STM32G471VCT6, STM32G471VEH3, STM32G471VEH6, STM32G471VEI3, STM32G471VEI6, STM32G471VET3, STM32G471VET6, STM32G474CCT6, STM32H503CBT6, STM32H503CBU6, STM32H503EBY6TR, STM32H503KBU6, STM32H503RBT6, STM32H562AGI6, STM32H562AII6, STM32H562IGK6, STM32H562IGT6, STM32H562IIK6, STM32H562IIT6, STM32H562RGT6, STM32H562RGV6, STM32H562RIT6, STM32H562RIV6, STM32H562VGT6, STM32H562VIT6, STM32H562ZGT6, STM32H562ZIT6, STM32H563AGI6, STM32H563AII3Q, STM32H563AII6, STM32H563IGK6, STM32H563IGT6, STM32H563IIK3Q, STM32H563IIK6, STM32H563IIT3Q, STM32H563IIT6, STM32H563MIY3QTR, STM32H563RGT6, STM32H563RGV6, STM32H563RIT6, STM32H563RIV6, STM32H563VGT6, STM32H563VIT3Q, STM32H563VIT6, STM32H563ZGT6, STM32H563ZIT3Q, STM32H563ZIT6, STM32H573AII3Q, STM32H573AII6, STM32H573I-DK, STM32H573IIK3Q, STM32H573IIK6, STM32H573IIT3Q, STM32H573IIT6, STM32H573MIY3QTR, STM32H573RIT6, STM32H573RIV6, STM32H573VIT3Q, STM32H573VIT6, STM32H573ZIT3Q, STM32H573ZIT6, STM32L4R5QGI6STR, STM32MP131AAE3, STM32MP131AAF3, STM32MP131AAG3, STM32MP131CAE3, STM32MP131CAF3, STM32MP131CAG3, STM32MP131DAE7, STM32MP131DAF7, STM32MP131DAG7, STM32MP131FAE7, STM32MP131FAF7, STM32MP131FAG7, STM32MP133AAE3, STM32MP133AAF3, STM32MP133AAG3, STM32MP133CAE3, STM32MP133CAF3, STM32MP133CAG3, STM32MP133DAE7, STM32MP133DAF7, STM32MP133DAG7, STM32MP133FAE7, STM32MP133FAF7, STM32MP133FAG7, STM32MP135AAE3, STM32MP135AAF3, STM32MP135AAG3, STM32MP135CAE3, STM32MP135CAF3, STM32MP135CAG3, STM32MP135DAE7, STM32MP135DAF7, STM32MP135DAG7, STM32MP135F-DK, STM32MP135FAE7, STM32MP135FAF7, STM32MP135FAF7T, STM32MP135FAF7U, STM32MP135FAG7, STM32U535CBT6, STM32U535CBT6Q, STM32U535CBU6, STM32U535CBU6Q, STM32U535CCT6, STM32U535CCT6Q, STM32U535CCU6, STM32U535CCU6Q, STM32U535CET6, STM32U535CET6Q, STM32U535CEU6, STM32U535CEU6Q, STM32U535JEY6QTR, STM32U535NCY6QTR, STM32U535NEY6QTR, STM32U535RBI6, STM32U535RBI6Q, STM32U535RBT6, STM32U535RBT6Q, STM32U535RCI6, STM32U535RCI6Q, STM32U535RCT6, STM32U535RCT6Q, STM32U535REI6, STM32U535REI6Q, STM32U535RET6, STM32U535RET6Q, STM32U535VCI6, STM32U535VCI6Q, STM32U535VCT6, STM32U535VCT6Q, STM32U535VEI6, STM32U535VEI6Q, STM32U535VET6, STM32U535VET6Q, STM32U545CET6, STM32U545CET6Q, STM32U545CEU6, STM32U545CEU6Q, STM32U545JEY6QTR, STM32U545NEY6QTR, STM32U545REI6, STM32U545REI6Q, STM32U545RET6, STM32U545RET6Q, STM32U545VEI6, STM32U545VEI6Q, STM32U545VET6, STM32U545VET6Q, STM32U595AIH6, STM32U595AIH6Q, STM32U595AJH6, STM32U595AJH6Q, STM32U595QII6, STM32U595QII6Q, STM32U595QJI6, STM32U595QJI6Q, STM32U595RIT6, STM32U595RIT6Q, STM32U595RJT6, STM32U595RJT6Q, STM32U595VIT6, STM32U595VIT6Q, STM32U595VJT6, STM32U595VJT6Q, STM32U595ZIT6, STM32U595ZIT6Q, STM32U595ZIY6QTR, STM32U595ZJT6, STM32U595ZJT6Q, STM32U595ZJY6QTR, STM32U599BJY6QTR, STM32U599NIH6Q, STM32U599NJH6Q, STM32U599VIT6Q, STM32U599VJT6, STM32U599VJT6Q, STM32U599ZIT6Q, STM32U599ZIY6QTR, STM32U599ZJT6Q, STM32U599ZJY6QTR, STM32U5A5AJH6, STM32U5A5AJH6Q, STM32U5A5QJI6, STM32U5A5QJI6Q, STM32U5A5RJT6, STM32U5A5RJT6Q, STM32U5A5VJT6, STM32U5A5VJT6Q, STM32U5A5ZJT6, STM32U5A5ZJT6Q, STM32U5A5ZJY6QTR, STM32U5A9BJY6QTR, STM32U5A9J-DK, STM32U5A9NJH6Q, STM32U5A9VJT6Q, STM32U5A9ZJT6Q, STM32U5A9ZJY6QTR, STM32U5F7VIT6, STM32U5F7VIT6Q, STM32U5F7VJT6, STM32U5F7VJT6Q, STM32U5F9BJY6QTR, STM32U5F9NJH6Q, STM32U5F9VIT6Q, STM32U5F9VJT6Q, STM32U5F9ZIJ6QTR, STM32U5F9ZIT6Q, STM32U5F9ZJJ6QTR, STM32U5F9ZJT6Q, STM32U5G7VJT6, STM32U5G7VJT6Q, STM32U5G9BJY6QTR, STM32U5G9J-DK1, STM32U5G9J-DK2, STM32U5G9NJH6Q, STM32U5G9VJT6Q, STM32U5G9ZJJ6QTR, STM32U5G9ZJT6Q, STM32WB1MMCH6, STM32WBA52CEU6, STM32WBA52CEU6T, STM32WBA52CGU6, STM32WBA52CGU6T, STM32WBA52KEU6, STM32WBA52KEU6T, STM32WBA52KGU6, STM32WBA52KGU6T, STM32WL5MOCH6, STM32WL5MOCH6TR]
2025-04-22 23:11:56,494 [WARN] PackLoader:240 - Cannot read IP mode file for STMicroelectronics.X-CUBE-FREERTOS.1.3.0
2025-04-22 23:11:56,495 [INFO] DbMcus:217 - Found 4642 MCUs, 4642 are supported
2025-04-22 23:11:56,497 [INFO] ApiDb:423 - Load user favorites file C:\Users\keqin.wang/.stm32cubeide/favorites.mcus.txt: 1 item(s)
2025-04-22 23:11:56,498 [INFO] ApiDb:427 - User favorites MCUs=[STM32F407IGT6]
2025-04-22 23:11:56,498 [INFO] DbMcus:223 - Set 1 / 1 favorites MCUs
2025-04-22 23:11:56,506 [WARN] PackLoader:240 - Cannot read IP mode file for STMicroelectronics.X-CUBE-NFC7.1.0.1
2025-04-22 23:11:56,516 [WARN] PackLoader:240 - Cannot read IP mode file for wolfSSL.I-CUBE-wolfTPM.3.2.0
2025-04-22 23:11:56,521 [ERROR] Engine:466 - C:\Users\keqin.wang\.stm32cubemx\thirdparties\pdsc\STMicroelectronics.X-CUBE-DPower.1.3.0.pdsc: PDSC version is not supported
2025-04-22 23:11:56,539 [WARN] ConditionMgr:438 - getConditionDescription Invalid condition id : LAN8742 Phy interface Condition cause : null
2025-04-22 23:11:56,540 [WARN] PackLoader:240 - Cannot read IP mode file for STMicroelectronics.X-CUBE-AZRTOS-L4.2.0.0
2025-04-22 23:11:56,542 [WARN] ConditionMgr:1039 - genDependencies : Invalid condition id : LAN8742 Phy interface Condition cause : null
2025-04-22 23:11:56,543 [WARN] ConditionMgr:1039 - genDependencies : Invalid condition id : LAN8742 Phy interface Condition cause : null
2025-04-22 23:11:56,543 [WARN] ConditionMgr:1039 - genDependencies : Invalid condition id : LAN8742 Phy interface Condition cause : null
2025-04-22 23:11:56,554 [WARN] PackLoader:240 - Cannot read IP mode file for STMicroelectronics.X-CUBE-SFXS2LP1.4.0.0
2025-04-22 23:11:56,577 [WARN] PackLoader:240 - Cannot read IP mode file for STMicroelectronics.X-CUBE-AZRTOS-H7.3.3.0
2025-04-22 23:11:56,584 [ERROR] Engine:466 - C:\Users\keqin.wang\.stm32cubemx\thirdparties\pdsc\STMicroelectronics.X-CUBE-IPS.3.0.0.pdsc: PDSC version is not supported
2025-04-22 23:11:56,599 [WARN] ConditionMgr:438 - getConditionDescription Invalid condition id : UX DEVICE CLASS RTOS Condition cause : null
2025-04-22 23:11:56,599 [WARN] ConditionMgr:438 - getConditionDescription Invalid condition id : UX DEVICE CLASS RTOS Condition cause : null
2025-04-22 23:11:56,604 [WARN] PackLoader:240 - Cannot read IP mode file for STMicroelectronics.X-CUBE-AZRTOS-WB.2.0.0
2025-04-22 23:11:56,605 [WARN] ConditionMgr:1039 - genDependencies : Invalid condition id : UX DEVICE CLASS RTOS Condition cause : null
2025-04-22 23:11:56,605 [WARN] ConditionMgr:1039 - genDependencies : Invalid condition id : UX DEVICE CLASS RTOS Condition cause : null
2025-04-22 23:11:56,606 [WARN] ConditionMgr:1039 - genDependencies : Invalid condition id : UX DEVICE CLASS RTOS Condition cause : null
2025-04-22 23:11:56,607 [WARN] ConditionMgr:1039 - genDependencies : Invalid condition id : UX DEVICE CLASS RTOS Condition cause : null
2025-04-22 23:11:56,607 [WARN] ConditionMgr:1039 - genDependencies : Invalid condition id : UX DEVICE CLASS RTOS Condition cause : null
2025-04-22 23:11:56,616 [WARN] PackLoader:240 - Cannot read IP mode file for STMicroelectronics.X-CUBE-GNSS1.7.0.0
2025-04-22 23:11:56,624 [WARN] PackLoader:240 - Cannot read IP mode file for STMicroelectronics.X-CUBE-GNSS1.7.0.1
2025-04-22 23:11:56,631 [WARN] PackLoader:240 - Cannot read IP mode file for STMicroelectronics.X-CUBE-TOUCHGFX.4.25.0
2025-04-22 23:11:56,635 [ERROR] Engine:466 - C:\Users\keqin.wang\.stm32cubemx\thirdparties\pdsc\STMicroelectronics.FP-SNS-STBOX1.2.0.0.pdsc: PDSC version is not supported
2025-04-22 23:11:56,647 [WARN] PackLoader:240 - Cannot read IP mode file for STMicroelectronics.X-CUBE-SUBG2.5.0.0
2025-04-22 23:11:56,673 [WARN] PackLoader:240 - Cannot read IP mode file for STMicroelectronics.X-CUBE-AZRTOS-H7RS.1.1.0
2025-04-22 23:11:56,694 [WARN] PackLoader:240 - Cannot read IP mode file for STMicroelectronics.X-CUBE-AZRTOS-G4.2.0.0
2025-04-22 23:11:56,703 [WARN] PackLoader:240 - Cannot read IP mode file for STMicroelectronics.X-CUBE-ISPU.2.0.0
2025-04-22 23:11:56,708 [ERROR] Engine:466 - C:\Users\keqin.wang\.stm32cubemx\thirdparties\pdsc\STMicroelectronics.X-CUBE-IPS.3.1.0.pdsc: PDSC version is not supported
2025-04-22 23:11:56,716 [WARN] PackLoader:240 - Cannot read IP mode file for STMicroelectronics.X-CUBE-ALS.1.0.2
2025-04-22 23:11:56,767 [WARN] PackLoader:240 - Cannot read IP mode file for STMicroelectronics.X-CUBE-MEMS1.10.0.0
2025-04-22 23:11:56,866 [WARN] PackLoader:240 - Cannot read IP mode file for STMicroelectronics.X-CUBE-TOUCHGFX.4.24.0
2025-04-22 23:11:56,871 [WARN] PackLoader:240 - Cannot read IP mode file for STMicroelectronics.X-CUBE-TOUCHGFX.4.24.1
2025-04-22 23:11:56,880 [WARN] PackLoader:240 - Cannot read IP mode file for portGmbH.I-Cube-SoM-uGOAL.1.1.0
2025-04-22 23:11:56,886 [WARN] PackLoader:240 - Cannot read IP mode file for STMicroelectronics.X-CUBE-ALS.1.0.1
2025-04-22 23:11:56,905 [WARN] PackLoader:240 - Cannot read IP mode file for STMicroelectronics.X-CUBE-AZRTOS-H7RS.1.0.0
2025-04-22 23:11:56,912 [WARN] PackLoader:240 - Cannot read IP mode file for STMicroelectronics.FP-ATR-ASTRA1.2.0.0
2025-04-22 23:11:56,918 [ERROR] Engine:466 - C:\Users\keqin.wang\.stm32cubemx\thirdparties\pdsc\STMicroelectronics.X-CUBE-TOF1.3.4.2.pdsc: PDSC version is not supported
2025-04-22 23:11:56,922 [ERROR] Engine:466 - C:\Users\keqin.wang\.stm32cubemx\thirdparties\pdsc\STMicroelectronics.X-CUBE-TOF1.3.4.3.pdsc: PDSC version is not supported
2025-04-22 23:11:56,938 [WARN] PackLoader:240 - Cannot read IP mode file for STMicroelectronics.X-CUBE-AZRTOS-H7.3.2.0
2025-04-22 23:11:56,947 [WARN] PackLoader:240 - Cannot read IP mode file for wolfSSL.I-CUBE-wolfSSH.1.4.17
2025-04-22 23:11:56,949 [INFO] ThirdParty:978 - Integrity check success = true
2025-04-22 23:11:56,949 [INFO] IntegrityCheckThread:100 - exiting critical section [integrity check]
2025-04-22 23:11:56,949 [INFO] IntegrityCheckThread:103 - End integrity checks thread
2025-04-22 23:11:57,131 [INFO] BoardInfo:880 - No configuration file found for board NUCLEO-C051C8
2025-04-22 23:11:57,132 [INFO] DbBoards:157 - Board is not supported: NUCLEO-C051C8
2025-04-22 23:11:57,133 [INFO] BoardInfo:880 - No configuration file found for board NUCLEO-C071RB
2025-04-22 23:11:57,133 [INFO] DbBoards:157 - Board is not supported: NUCLEO-C071RB
2025-04-22 23:11:57,135 [INFO] BoardInfo:880 - No configuration file found for board NUCLEO-C092RC
2025-04-22 23:11:57,136 [INFO] DbBoards:157 - Board is not supported: NUCLEO-C092RC
2025-04-22 23:11:57,185 [INFO] BoardInfo:880 - No configuration file found for board NUCLEO-H533RE
2025-04-22 23:11:57,186 [INFO] DbBoards:157 - Board is not supported: NUCLEO-H533RE
2025-04-22 23:11:57,197 [INFO] BoardInfo:880 - No configuration file found for board NUCLEO-H7S3L8
2025-04-22 23:11:57,197 [INFO] DbBoards:157 - Board is not supported: NUCLEO-H7S3L8
2025-04-22 23:11:57,228 [INFO] BoardInfo:880 - No configuration file found for board NUCLEO-N657X0-Q
2025-04-22 23:11:57,229 [INFO] DbBoards:157 - Board is not supported: NUCLEO-N657X0-Q
2025-04-22 23:11:57,230 [INFO] BoardInfo:880 - No configuration file found for board NUCLEO-U031R8
2025-04-22 23:11:57,230 [INFO] DbBoards:157 - Board is not supported: NUCLEO-U031R8
2025-04-22 23:11:57,231 [INFO] BoardInfo:880 - No configuration file found for board NUCLEO-U083RC
2025-04-22 23:11:57,231 [INFO] DbBoards:157 - Board is not supported: NUCLEO-U083RC
2025-04-22 23:11:57,233 [INFO] BoardInfo:880 - No configuration file found for board NUCLEO-U385RG-Q
2025-04-22 23:11:57,233 [INFO] DbBoards:157 - Board is not supported: NUCLEO-U385RG-Q
2025-04-22 23:11:57,240 [INFO] BoardInfo:880 - No configuration file found for board NUCLEO-WB05KZ
2025-04-22 23:11:57,240 [INFO] DbBoards:157 - Board is not supported: NUCLEO-WB05KZ
2025-04-22 23:11:57,241 [INFO] BoardInfo:880 - No configuration file found for board NUCLEO-WB07CC
2025-04-22 23:11:57,241 [INFO] DbBoards:157 - Board is not supported: NUCLEO-WB07CC
2025-04-22 23:11:57,243 [INFO] BoardInfo:880 - No configuration file found for board NUCLEO-WB09KE
2025-04-22 23:11:57,243 [INFO] DbBoards:157 - Board is not supported: NUCLEO-WB09KE
2025-04-22 23:11:57,248 [INFO] BoardInfo:880 - No configuration file found for board NUCLEO-WBA55CG
2025-04-22 23:11:57,248 [INFO] DbBoards:157 - Board is not supported: NUCLEO-WBA55CG
2025-04-22 23:11:57,250 [INFO] BoardInfo:880 - No configuration file found for board NUCLEO-WBA65RI
2025-04-22 23:11:57,250 [INFO] DbBoards:157 - Board is not supported: NUCLEO-WBA65RI
2025-04-22 23:11:57,252 [INFO] BoardInfo:880 - No configuration file found for board NUCLEO-WL33CC1
2025-04-22 23:11:57,252 [INFO] DbBoards:157 - Board is not supported: NUCLEO-WL33CC1
2025-04-22 23:11:57,254 [INFO] BoardInfo:880 - No configuration file found for board NUCLEO-WL33CC2
2025-04-22 23:11:57,254 [INFO] DbBoards:157 - Board is not supported: NUCLEO-WL33CC2
2025-04-22 23:11:57,261 [INFO] BoardInfo:880 - No configuration file found for board P-NUCLEO-WB55
2025-04-22 23:11:57,261 [INFO] DbBoards:157 - Kit is not supported: P-NUCLEO-WB55
2025-04-22 23:11:57,267 [INFO] BoardInfo:880 - No configuration file found for board STEVAL-BFA001V1B
2025-04-22 23:11:57,267 [INFO] DbBoards:157 - Kit is not supported: STEVAL-BFA001V1B
2025-04-22 23:11:57,270 [INFO] BoardInfo:880 - No configuration file found for board STEVAL-BFA001V2B
2025-04-22 23:11:57,270 [INFO] DbBoards:157 - Kit is not supported: STEVAL-BFA001V2B
2025-04-22 23:11:57,274 [INFO] BoardInfo:880 - No configuration file found for board STEVAL-MKBOXPRO
2025-04-22 23:11:57,274 [INFO] DbBoards:157 - Board is not supported: STEVAL-MKBOXPRO
2025-04-22 23:11:57,373 [INFO] BoardInfo:880 - No configuration file found for board STM32H7S78-DK
2025-04-22 23:11:57,373 [INFO] DbBoards:157 - Board is not supported: STM32H7S78-DK
2025-04-22 23:11:57,398 [INFO] BoardInfo:880 - No configuration file found for board STM32MP257F-DK
2025-04-22 23:11:57,398 [INFO] DbBoards:157 - Board is not supported: STM32MP257F-DK
2025-04-22 23:11:57,399 [INFO] BoardInfo:880 - No configuration file found for board STM32MP257F-EV1
2025-04-22 23:11:57,400 [INFO] DbBoards:157 - Board is not supported: STM32MP257F-EV1
2025-04-22 23:11:57,403 [INFO] BoardInfo:880 - No configuration file found for board STM32N6570-DK
2025-04-22 23:11:57,403 [INFO] DbBoards:157 - Board is not supported: STM32N6570-DK
2025-04-22 23:11:57,405 [INFO] BoardInfo:880 - No configuration file found for board STM32U083C-DK
2025-04-22 23:11:57,405 [INFO] DbBoards:157 - Board is not supported: STM32U083C-DK
2025-04-22 23:11:57,412 [INFO] BoardInfo:880 - No configuration file found for board STM32WBA55G-DK1
2025-04-22 23:11:57,413 [INFO] DbBoards:157 - Board is not supported: STM32WBA55G-DK1
2025-04-22 23:11:57,414 [INFO] BoardInfo:880 - No configuration file found for board STM32WBA65I-DK1
2025-04-22 23:11:57,414 [INFO] DbBoards:157 - Board is not supported: STM32WBA65I-DK1
2025-04-22 23:11:57,414 [INFO] DbBoards:161 - Found 210 boards, 183 are supported
2025-04-22 23:11:57,419 [INFO] ApiDb:414 - User favorites file not found: C:\Users\keqin.wang/.stm32cubeide/favorites.boards.txt
2025-04-22 23:11:57,419 [INFO] DbBoards:190 - Set 0 / 0 favorites Boards
2025-04-22 23:11:57,420 [INFO] McuFinderGlobals:76 - Set McuFinderConnectedMode to true
2025-04-22 23:11:57,436 [INFO] MultiScanPanel:200 - Auto-refresh data requested => check proxy status ongoing
2025-04-22 23:11:57,444 [INFO] FinderPluginLoader:95 - Searching for filters in installed packs
2025-04-22 23:11:59,348 [INFO] LoadUrlFilesThread:185 - End of LoadServerUrlFiles without Thread
2025-04-22 23:11:59,366 [INFO] DetailPanel:341 - Set advertising image to C:/Users/keqin.wang/STM32Cube/Repository/\en.prom-stm32wl3-mcu-finder.jpg
2025-04-22 23:12:16,165 [ERROR] LogOutputStream:75 - [STDERR_REDIRECT] SLF4J: Failed to load class "org.slf4j.impl.StaticLoggerBinder".
2025-04-22 23:12:16,166 [ERROR] LogOutputStream:75 - [STDERR_REDIRECT] SLF4J: Defaulting to no-operation (NOP) logger implementation
2025-04-22 23:12:16,167 [ERROR] LogOutputStream:75 - [STDERR_REDIRECT] SLF4J: See http://www.slf4j.org/codes.html#StaticLoggerBinder for further details.
2025-04-22 23:19:11,390 [INFO] MainUpdater:2868 - connection check result : 10
2025-04-22 23:19:11,391 [INFO] MainUpdater:2868 - connection check result : 10
2025-04-22 23:19:11,433 [INFO] MicroXplorer:468 - Change Database Path : 
2025-04-22 23:19:11,433 [INFO] MicroXplorer:498 - Change Database Version : DB.6.0.91
2025-04-22 23:19:11,438 [WARN] ThirdParty:871 - waiting for thirdparty lock release [close project]
2025-04-22 23:19:11,438 [INFO] ThirdParty:873 - entering critical section [close project]
2025-04-22 23:19:11,439 [INFO] ThirdParty:883 - exiting critical section [close project]
2025-04-22 23:19:11,441 [INFO] PinOutPanel:1499 - setPackage(No Configuration,No Configuration)
2025-04-22 23:19:11,446 [INFO] UtilMem:75 - Begin LoadConfig() Used Memory: 847135856 Bytes (1073741824)
2025-04-22 23:19:11,448 [INFO] MicroXplorer:468 - Change Database Path : 
2025-04-22 23:19:11,449 [INFO] MicroXplorer:498 - Change Database Version : DB.6.0.91
2025-04-22 23:19:11,449 [INFO] OpenFileManager:308 - Change cursor
2025-04-22 23:19:11,496 [INFO] Mcu:1946 - Initializing MCU STM32F407IGTx STM32F407IGTx STM32F407IGT6
2025-04-22 23:19:13,664 [INFO] Context:659 - Trying to add GPIOservice into a context  which must be forbidden
2025-04-22 23:19:13,942 [INFO] ImportTextPane:194 - (OptionalMessage_ERROR) Unable to find key (Mcu.ThirdPartyNb) in loaded IOC file
2025-04-22 23:19:13,942 [INFO] ImportTextPane:194 - (OptionalMessage_ERROR) Unable to find key (Mcu.PinsNb) in loaded IOC file
2025-04-22 23:19:13,942 [INFO] ImportTextPane:194 - (OptionalMessage_ERROR) Unable to find key (Mcu.IPNb) in loaded IOC file
2025-04-22 23:19:14,247 [INFO] RtosManager:555 - Registered RTOS mode: class=CMSIS, group=RTOS, mode=CMSIS_V1, owner=FREERTOS
2025-04-22 23:19:14,247 [INFO] RtosManager:555 - Registered RTOS mode: class=CMSIS, group=RTOS2, mode=CMSIS_V2, owner=FREERTOS
2025-04-22 23:19:14,247 [INFO] RtosManager:555 - Registered RTOS mode: class=RTOS, group=Core, mode=CMSIS_V1, owner=FREERTOS
2025-04-22 23:19:14,247 [INFO] RtosManager:555 - Registered RTOS mode: class=RTOS, group=Core, mode=CMSIS_V2, owner=FREERTOS
2025-04-22 23:19:14,248 [WARN] ModelIntegratedComponent:184 - Missing modes for component STMicroelectronics:FreeRTOS:0.0.1:STMicroelectronics:RTOS:FreeRTOS:Core:::10.2.0:
2025-04-22 23:19:14,267 [WARN] ModelIntegratedComponent:63 - No mode defined for component null
2025-04-22 23:19:14,267 [WARN] ModelIntegratedComponent:63 - No mode defined for component null
2025-04-22 23:19:14,267 [WARN] ModelIntegratedComponent:63 - No mode defined for component null
2025-04-22 23:19:14,267 [WARN] ModelIntegratedComponent:63 - No mode defined for component null
2025-04-22 23:19:14,267 [WARN] ModelIntegratedComponent:63 - No mode defined for component null
2025-04-22 23:19:14,267 [WARN] ModelIntegratedComponent:63 - No mode defined for component null
2025-04-22 23:19:14,267 [WARN] ModelIntegratedComponent:63 - No mode defined for component null
2025-04-22 23:19:14,268 [WARN] ModelIntegratedComponent:63 - No mode defined for component null
2025-04-22 23:19:14,268 [WARN] ModelIntegratedComponent:63 - No mode defined for component null
2025-04-22 23:19:14,268 [WARN] ModelIntegratedComponent:63 - No mode defined for component null
2025-04-22 23:19:14,268 [WARN] ModelIntegratedComponent:63 - No mode defined for component null
2025-04-22 23:19:14,268 [WARN] ModelIntegratedComponent:63 - No mode defined for component null
2025-04-22 23:19:14,268 [WARN] ModelIntegratedComponent:63 - No mode defined for component null
2025-04-22 23:19:14,268 [WARN] ModelIntegratedComponent:63 - No mode defined for component null
2025-04-22 23:19:14,268 [WARN] ModelIntegratedComponent:63 - No mode defined for component null
2025-04-22 23:19:14,268 [WARN] ModelIntegratedComponent:63 - No mode defined for component null
2025-04-22 23:19:14,268 [WARN] ModelIntegratedComponent:63 - No mode defined for component null
2025-04-22 23:19:14,268 [WARN] ModelIntegratedComponent:63 - No mode defined for component null
2025-04-22 23:19:14,268 [WARN] ModelIntegratedComponent:63 - No mode defined for component null
2025-04-22 23:19:14,268 [WARN] ModelIntegratedComponent:63 - No mode defined for component null
2025-04-22 23:19:14,268 [WARN] ModelIntegratedComponent:63 - No mode defined for component null
2025-04-22 23:19:14,268 [WARN] ModelIntegratedComponent:63 - No mode defined for component null
2025-04-22 23:19:14,268 [WARN] ModelIntegratedComponent:63 - No mode defined for component null
2025-04-22 23:19:14,268 [WARN] ModelIntegratedComponent:63 - No mode defined for component null
2025-04-22 23:19:14,268 [WARN] ModelIntegratedComponent:63 - No mode defined for component null
2025-04-22 23:19:14,268 [WARN] ModelIntegratedComponent:63 - No mode defined for component null
2025-04-22 23:19:14,268 [WARN] ModelIntegratedComponent:63 - No mode defined for component null
2025-04-22 23:19:14,268 [WARN] ModelIntegratedComponent:63 - No mode defined for component null
2025-04-22 23:19:14,268 [WARN] ModelIntegratedComponent:63 - No mode defined for component null
2025-04-22 23:19:14,268 [WARN] ModelIntegratedComponent:63 - No mode defined for component null
2025-04-22 23:19:14,268 [WARN] ModelIntegratedComponent:63 - No mode defined for component null
2025-04-22 23:19:14,268 [WARN] ModelIntegratedComponent:63 - No mode defined for component null
2025-04-22 23:19:14,268 [WARN] ModelIntegratedComponent:63 - No mode defined for component null
2025-04-22 23:19:14,445 [INFO] ThirdPartyModel:298 - Start build external matchings
2025-04-22 23:19:15,133 [INFO] ThirdPartyModel:316 - End build external matchings
2025-04-22 23:19:15,868 [INFO] UtilMem:75 - End LoadConfig() Used Memory: 745092416 Bytes (1073741824)
2025-04-22 23:19:15,932 [WARN] ThirdParty:833 - waiting for thirdparty lock release [change project]
2025-04-22 23:19:15,933 [INFO] ThirdParty:835 - entering critical section [change project]
2025-04-22 23:19:15,933 [INFO] ThirdParty:1030 - CMSIS Pack Vendor :STMicroelectronics USBPD 4.1
2025-04-22 23:19:15,933 [INFO] ThirdParty:1030 - CMSIS Pack Vendor :STMicroelectronics X-CUBE-AZRTOS-H7 3.3.0
2025-04-22 23:19:15,933 [INFO] ThirdParty:1030 - CMSIS Pack Vendor :STMicroelectronics X-CUBE-NFC9 1.0.0
2025-04-22 23:19:15,933 [INFO] ThirdParty:1030 - CMSIS Pack Vendor :STMicroelectronics X-CUBE-GNSS1 6.0.0
2025-04-22 23:19:15,933 [INFO] ThirdParty:1030 - CMSIS Pack Vendor :STMicroelectronics USB_HOST 2.0.0
2025-04-22 23:19:15,933 [INFO] ThirdParty:1030 - CMSIS Pack Vendor :STMicroelectronics X-CUBE-AZRTOS-F4 1.1.0
2025-04-22 23:19:15,933 [INFO] ThirdParty:1030 - CMSIS Pack Vendor :STMicroelectronics LIBJPEG 8.0.0
2025-04-22 23:19:15,933 [INFO] ThirdParty:1030 - CMSIS Pack Vendor :STMicroelectronics FP-ATR-ASTRA1 2.0.2
2025-04-22 23:19:15,933 [INFO] ThirdParty:1030 - CMSIS Pack Vendor :STMicroelectronics X-CUBE-BLE1 7.1.0
2025-04-22 23:19:15,933 [INFO] ThirdParty:1030 - CMSIS Pack Vendor :STMicroelectronics X-CUBE-WB05N 1.1.0
2025-04-22 23:19:15,933 [INFO] ThirdParty:1030 - CMSIS Pack Vendor :STMicroelectronics USB_DEVICE 3.0.0
2025-04-22 23:19:15,933 [INFO] ThirdParty:1030 - CMSIS Pack Vendor :STMicroelectronics X-CUBE-ISPU 2.1.0
2025-04-22 23:19:15,933 [INFO] ThirdParty:1030 - CMSIS Pack Vendor :STMicroelectronics X-CUBE-AZRTOS-WB 2.0.0
2025-04-22 23:19:15,933 [INFO] ThirdParty:1030 - CMSIS Pack Vendor :STMicroelectronics X-CUBE-GNSS1 7.0.0
2025-04-22 23:19:15,933 [INFO] ThirdParty:1030 - CMSIS Pack Vendor :STMicroelectronics X-CUBE-GNSS1 7.0.1
2025-04-22 23:19:15,933 [INFO] ThirdParty:1030 - CMSIS Pack Vendor :STMicroelectronics X-CUBE-TOUCHGFX 4.23.2
2025-04-22 23:19:15,933 [INFO] ThirdParty:1030 - CMSIS Pack Vendor :STMicroelectronics X-CUBE-AZRTOS-F7 1.1.0
2025-04-22 23:19:15,933 [INFO] ThirdParty:1030 - CMSIS Pack Vendor :STMicroelectronics X-CUBE-AZRTOS-L5 2.0.0
2025-04-22 23:19:15,934 [INFO] ThirdParty:1030 - CMSIS Pack Vendor :STMicroelectronics X-CUBE-TOUCHGFX 4.25.0
2025-04-22 23:19:15,934 [INFO] ThirdParty:1030 - CMSIS Pack Vendor :STMicroelectronics USB_DEVICE 2.0.0
2025-04-22 23:19:15,934 [INFO] ThirdParty:1030 - CMSIS Pack Vendor :STMicroelectronics X-CUBE-NFC6 3.1.0
2025-04-22 23:19:15,934 [INFO] ThirdParty:1030 - CMSIS Pack Vendor :STMicroelectronics X-CUBE-ALGOBUILD 1.3.0
2025-04-22 23:19:15,934 [INFO] ThirdParty:1030 - CMSIS Pack Vendor :STMicroelectronics X-CUBE-MEMS1 11.0.0
2025-04-22 23:19:15,934 [INFO] ThirdParty:1030 - CMSIS Pack Vendor :STMicroelectronics X-CUBE-MEMS1 11.2.0
2025-04-22 23:19:15,934 [INFO] ThirdParty:1030 - CMSIS Pack Vendor :STMicroelectronics FreeRTOS 0.0.1
2025-04-22 23:19:15,934 [INFO] ThirdParty:1030 - CMSIS Pack Vendor :STMicroelectronics X-CUBE-AZRTOS-G0 1.1.0
2025-04-22 23:19:15,934 [INFO] ThirdParty:1030 - CMSIS Pack Vendor :STMicroelectronics X-CUBE-SAFEA1 1.2.2
2025-04-22 23:19:15,934 [INFO] ThirdParty:1030 - CMSIS Pack Vendor :STMicroelectronics X-CUBE-NFC4 3.0.0
2025-04-22 23:19:15,934 [INFO] ThirdParty:1030 - CMSIS Pack Vendor :STMicroelectronics X-CUBE-SUBG2 5.0.0
2025-04-22 23:19:15,934 [INFO] ThirdParty:1030 - CMSIS Pack Vendor :STMicroelectronics X-CUBE-AZRTOS-H7RS 1.1.0
2025-04-22 23:19:15,934 [INFO] ThirdParty:1030 - CMSIS Pack Vendor :STMicroelectronics STM32_WPAN 1.0.0
2025-04-22 23:19:15,934 [INFO] ThirdParty:1030 - CMSIS Pack Vendor :STMicroelectronics lwIP 2.0.3
2025-04-22 23:19:15,934 [INFO] ThirdParty:1030 - CMSIS Pack Vendor :STMicroelectronics USB_HOST 1.0.0
2025-04-22 23:19:15,934 [INFO] ThirdParty:1030 - CMSIS Pack Vendor :STMicroelectronics X-CUBE-AI 9.0.0
2025-04-22 23:19:15,934 [INFO] ThirdParty:1030 - CMSIS Pack Vendor :STMicroelectronics X-CUBE-AZRTOS-G4 2.0.0
2025-04-22 23:19:15,934 [INFO] ThirdParty:1030 - CMSIS Pack Vendor :STMicroelectronics X-CUBE-WB05N 2.0.0
2025-04-22 23:19:15,934 [INFO] ThirdParty:1030 - CMSIS Pack Vendor :STMicroelectronics PDM2PCM 3.1.0
2025-04-22 23:19:15,934 [INFO] ThirdParty:1030 - CMSIS Pack Vendor :STMicroelectronics PDM2PCM 3.3.0
2025-04-22 23:19:15,934 [INFO] ThirdParty:1030 - CMSIS Pack Vendor :wolfSSL I-CUBE-wolfSSL 5.7.0
2025-04-22 23:19:15,934 [INFO] ThirdParty:1030 - CMSIS Pack Vendor :STMicroelectronics X-CUBE-BLE1 7.0.0
2025-04-22 23:19:15,934 [INFO] ThirdParty:1030 - CMSIS Pack Vendor :STMicroelectronics FP-ATR-SIGFOX1 3.2.0
2025-04-22 23:19:15,934 [INFO] ThirdParty:1030 - CMSIS Pack Vendor :STMicroelectronics X-CUBE-NFC10 1.0.0
2025-04-22 23:19:15,934 [INFO] ThirdParty:1030 - CMSIS Pack Vendor :STMicroelectronics X-CUBE-ISPU 2.0.0
2025-04-22 23:19:15,934 [INFO] ThirdParty:1030 - CMSIS Pack Vendor :STMicroelectronics X-CUBE-EEPRMA1 5.1.0
2025-04-22 23:19:15,934 [INFO] ThirdParty:1030 - CMSIS Pack Vendor :STMicroelectronics HAL Drivers 0.0.0
2025-04-22 23:19:15,934 [INFO] ThirdParty:1030 - CMSIS Pack Vendor :STMicroelectronics MBEDTLS 2.16.2
2025-04-22 23:19:15,934 [INFO] ThirdParty:1030 - CMSIS Pack Vendor :STMicroelectronics X-CUBE-ALS 1.0.2
2025-04-22 23:19:15,934 [INFO] ThirdParty:1030 - CMSIS Pack Vendor :STMicroelectronics X-CUBE-FREERTOS 1.3.0
2025-04-22 23:19:15,934 [INFO] ThirdParty:1030 - CMSIS Pack Vendor :STMicroelectronics X-CUBE-MEMS1 10.0.0
2025-04-22 23:19:15,934 [INFO] ThirdParty:1030 - CMSIS Pack Vendor :STMicroelectronics X-CUBE-NFC7 1.0.1
2025-04-22 23:19:15,934 [INFO] ThirdParty:1030 - CMSIS Pack Vendor :STMicroelectronics MBEDTLS 2.14.1
2025-04-22 23:19:15,934 [INFO] ThirdParty:1030 - CMSIS Pack Vendor :STMicroelectronics X-CUBE-TOUCHGFX 4.24.0
2025-04-22 23:19:15,934 [INFO] ThirdParty:1030 - CMSIS Pack Vendor :wolfSSL I-CUBE-wolfTPM 3.2.0
2025-04-22 23:19:15,934 [INFO] ThirdParty:1030 - CMSIS Pack Vendor :STMicroelectronics X-CUBE-TOUCHGFX 4.24.1
2025-04-22 23:19:15,934 [INFO] ThirdParty:1030 - CMSIS Pack Vendor :portGmbH I-Cube-SoM-uGOAL 1.1.0
2025-04-22 23:19:15,934 [INFO] ThirdParty:1030 - CMSIS Pack Vendor :STMicroelectronics X-CUBE-ALS 1.0.1
2025-04-22 23:19:15,934 [INFO] ThirdParty:1030 - CMSIS Pack Vendor :STMicroelectronics X-CUBE-AI 10.0.0
2025-04-22 23:19:15,934 [INFO] ThirdParty:1030 - CMSIS Pack Vendor :STMicroelectronics ThreadX 1.0.0
2025-04-22 23:19:15,934 [INFO] ThirdParty:1030 - CMSIS Pack Vendor :STMicroelectronics X-CUBE-MEMS1 11.1.0
2025-04-22 23:19:15,934 [INFO] ThirdParty:1030 - CMSIS Pack Vendor :STMicroelectronics X-CUBE-AZRTOS-WL 2.0.0
2025-04-22 23:19:15,934 [INFO] ThirdParty:1030 - CMSIS Pack Vendor :SEGGER I-CUBE-embOS 1.3.1
2025-04-22 23:19:15,934 [INFO] ThirdParty:1030 - CMSIS Pack Vendor :STMicroelectronics X-CUBE-ALGOBUILD 1.4.0
2025-04-22 23:19:15,934 [INFO] ThirdParty:1030 - CMSIS Pack Vendor :STMicroelectronics USB_DEVICE 1.0.0
2025-04-22 23:19:15,934 [INFO] ThirdParty:1030 - CMSIS Pack Vendor :STMicroelectronics X-CUBE-AZRTOS-H7RS 1.0.0
2025-04-22 23:19:15,934 [INFO] ThirdParty:1030 - CMSIS Pack Vendor :wolfSSL I-CUBE-wolfMQTT 1.19.0
2025-04-22 23:19:15,934 [INFO] ThirdParty:1030 - CMSIS Pack Vendor :STMicroelectronics X-CUBE-AZRTOS-L4 2.0.0
2025-04-22 23:19:15,935 [INFO] ThirdParty:1030 - CMSIS Pack Vendor :STMicroelectronics ThreadX 0.0.2
2025-04-22 23:19:15,935 [INFO] ThirdParty:1030 - CMSIS Pack Vendor :WES I-CUBE-Cesium 1.3.0
2025-04-22 23:19:15,935 [INFO] ThirdParty:1030 - CMSIS Pack Vendor :STMicroelectronics FP-ATR-ASTRA1 2.0.0
2025-04-22 23:19:15,935 [INFO] ThirdParty:1030 - CMSIS Pack Vendor :STMicroelectronics lwIP 2.1.2
2025-04-22 23:19:15,935 [INFO] ThirdParty:1030 - CMSIS Pack Vendor :STMicroelectronics X-CUBE-SFXS2LP1 4.0.0
2025-04-22 23:19:15,935 [INFO] ThirdParty:1030 - CMSIS Pack Vendor :STMicroelectronics X-CUBE-BLE2 3.3.0
2025-04-22 23:19:15,935 [INFO] ThirdParty:1030 - CMSIS Pack Vendor :STMicroelectronics X-CUBE-AI 9.1.0
2025-04-22 23:19:15,935 [INFO] ThirdParty:1030 - CMSIS Pack Vendor :STMicroelectronics X-CUBE-AZRTOS-H7 3.2.0
2025-04-22 23:19:15,935 [INFO] ThirdParty:1030 - CMSIS Pack Vendor :STMicroelectronics PDM2PCM 3.2.0
2025-04-22 23:19:15,935 [INFO] ThirdParty:1030 - CMSIS Pack Vendor :wolfSSL I-CUBE-wolfSSH 1.4.17
2025-04-22 23:19:15,935 [INFO] ThirdParty:841 - exiting critical section [change project]
2025-04-22 23:19:16,311 [INFO] PinOutPanel:1499 - setPackage(No Configuration,No Configuration)
2025-04-22 23:19:16,313 [INFO] PinOutPanel:1499 - setPackage(STM32F407IGTx,LQFP176)
2025-04-22 23:19:16,897 [INFO] UtilMem:75 - Before build in PCC Used Memory: 683801656 Bytes (1073741824)
2025-04-22 23:19:18,232 [INFO] UtilMem:75 - After build in PCC Used Memory: 703495200 Bytes (1073741824)
2025-04-22 23:19:18,263 [INFO] IPUIPlugin:80 - create IPUIPlugin
2025-04-22 23:19:18,263 [INFO] IPUIPlugin:80 - create IPUIPlugin
2025-04-22 23:19:18,263 [INFO] IPUIPlugin:80 - create IPUIPlugin
2025-04-22 23:19:18,263 [INFO] IPUIPlugin:80 - create IPUIPlugin
2025-04-22 23:19:18,264 [INFO] IPUIPlugin:80 - create IPUIPlugin
2025-04-22 23:19:18,264 [INFO] IPUIPlugin:80 - create IPUIPlugin
2025-04-22 23:19:18,264 [INFO] IPUIPlugin:80 - create IPUIPlugin
2025-04-22 23:19:18,264 [INFO] IPUIPlugin:80 - create IPUIPlugin
2025-04-22 23:19:18,264 [INFO] IPUIPlugin:80 - create IPUIPlugin
2025-04-22 23:19:18,264 [INFO] IPUIPlugin:80 - create IPUIPlugin
2025-04-22 23:19:18,264 [INFO] IPUIPlugin:80 - create IPUIPlugin
2025-04-22 23:19:18,266 [INFO] IPUIPlugin:80 - create IPUIPlugin
2025-04-22 23:19:18,266 [INFO] IPUIPlugin:80 - create IPUIPlugin
2025-04-22 23:19:18,266 [INFO] IPUIPlugin:80 - create IPUIPlugin
2025-04-22 23:19:18,266 [INFO] IPUIPlugin:80 - create IPUIPlugin
2025-04-22 23:19:18,266 [INFO] IPUIPlugin:80 - create IPUIPlugin
2025-04-22 23:19:18,266 [INFO] IPUIPlugin:80 - create IPUIPlugin
2025-04-22 23:19:18,266 [INFO] IPUIPlugin:80 - create IPUIPlugin
2025-04-22 23:19:18,267 [INFO] IPUIPlugin:80 - create IPUIPlugin
2025-04-22 23:19:18,267 [INFO] IPUIPlugin:80 - create IPUIPlugin
2025-04-22 23:19:18,267 [INFO] IPUIPlugin:80 - create IPUIPlugin
2025-04-22 23:19:18,267 [INFO] IPUIPlugin:80 - create IPUIPlugin
2025-04-22 23:19:18,267 [INFO] IPUIPlugin:80 - create IPUIPlugin
2025-04-22 23:19:18,267 [INFO] IPUIPlugin:80 - create IPUIPlugin
2025-04-22 23:19:18,267 [INFO] IPUIPlugin:80 - create IPUIPlugin
2025-04-22 23:19:18,268 [INFO] IPUIPlugin:80 - create IPUIPlugin
2025-04-22 23:19:18,268 [INFO] IPUIPlugin:80 - create IPUIPlugin
2025-04-22 23:19:18,268 [INFO] IPUIPlugin:80 - create IPUIPlugin
2025-04-22 23:19:18,268 [INFO] IPUIPlugin:80 - create IPUIPlugin
2025-04-22 23:19:18,268 [INFO] IPUIPlugin:80 - create IPUIPlugin
2025-04-22 23:19:18,268 [INFO] IPUIPlugin:80 - create IPUIPlugin
2025-04-22 23:19:18,269 [INFO] IPUIPlugin:80 - create IPUIPlugin
2025-04-22 23:19:18,269 [INFO] IPUIPlugin:80 - create IPUIPlugin
2025-04-22 23:19:18,269 [INFO] IPUIPlugin:80 - create IPUIPlugin
2025-04-22 23:19:18,269 [INFO] IPUIPlugin:80 - create IPUIPlugin
2025-04-22 23:19:18,269 [INFO] IPUIPlugin:80 - create IPUIPlugin
2025-04-22 23:19:18,269 [INFO] IPUIPlugin:80 - create IPUIPlugin
2025-04-22 23:19:18,270 [INFO] IPUIPlugin:80 - create IPUIPlugin
2025-04-22 23:19:18,270 [INFO] IPUIPlugin:80 - create IPUIPlugin
2025-04-22 23:19:18,270 [INFO] IPUIPlugin:80 - create IPUIPlugin
2025-04-22 23:19:18,270 [INFO] IPUIPlugin:80 - create IPUIPlugin
2025-04-22 23:19:18,270 [INFO] IPUIPlugin:80 - create IPUIPlugin
2025-04-22 23:19:18,270 [INFO] IPUIPlugin:80 - create IPUIPlugin
2025-04-22 23:19:18,271 [INFO] IPUIPlugin:80 - create IPUIPlugin
2025-04-22 23:19:18,271 [INFO] IPUIPlugin:80 - create IPUIPlugin
2025-04-22 23:19:18,271 [INFO] IPUIPlugin:80 - create IPUIPlugin
2025-04-22 23:19:18,271 [INFO] IPUIPlugin:80 - create IPUIPlugin
2025-04-22 23:19:18,271 [INFO] IPUIPlugin:80 - create IPUIPlugin
2025-04-22 23:19:18,272 [INFO] IPUIPlugin:80 - create IPUIPlugin
2025-04-22 23:19:18,272 [INFO] IPUIPlugin:80 - create IPUIPlugin
2025-04-22 23:19:18,272 [INFO] IPUIPlugin:80 - create IPUIPlugin
2025-04-22 23:19:18,272 [INFO] IPUIPlugin:80 - create IPUIPlugin
2025-04-22 23:19:18,272 [INFO] IPUIPlugin:80 - create IPUIPlugin
2025-04-22 23:19:18,273 [INFO] IPUIPlugin:80 - create IPUIPlugin
2025-04-22 23:19:18,273 [INFO] IPUIPlugin:80 - create IPUIPlugin
2025-04-22 23:19:18,274 [INFO] IPUIPlugin:80 - create IPUIPlugin
2025-04-22 23:19:18,275 [INFO] IPUIPlugin:80 - create IPUIPlugin
2025-04-22 23:19:18,275 [INFO] IPUIPlugin:80 - create IPUIPlugin
2025-04-22 23:19:18,494 [INFO] ApiDbMcu:507 - Load IP Config File for PDM2PCM
2025-04-22 23:19:18,911 [INFO] CADModel:165 - CPN selected for project levelSTM32F407IGT6
2025-04-22 23:19:18,912 [INFO] CADModel:114 - Register for checkConnection events
2025-04-22 23:19:18,969 [INFO] OpenFileManager:328 - Restore cursor
2025-04-22 23:19:19,661 [INFO] UtilMem:75 - End SaveConfig() Used Memory: 743707032 Bytes (1073741824)
2025-04-22 23:19:19,786 [INFO] UtilMem:75 - End SaveConfig() Used Memory: 772637344 Bytes (1073741824)
2025-04-22 23:19:20,277 [INFO] BlockDiagram:2759 - set Specific Code input for plugin: RCC
2025-04-22 23:19:20,277 [INFO] BlockDiagram:2759 - set Specific Code input for plugin: NVIC
2025-04-22 23:19:20,279 [INFO] CodeGenerator:799 - code generatio: config db path: E:\ruanjian\STM32CubeIDE_1.13.1\STM32CubeIDE\plugins\com.st.stm32cube.common.mx_6.9.1.202307191849\\db\
2025-04-22 23:19:20,650 [INFO] CodeEngine:255 - oldGeneratedFile, D:\Work_place\STM32F407_First\STM32F407_DEMO\STM32F407_First_DEMO\MXTmpFiles\license.tmp_save
2025-04-22 23:19:21,144 [INFO] CodeEngine:279 - Generated code: D:\Work_place\STM32F407_First\STM32F407_DEMO\STM32F407_First_DEMO\MXTmpFiles\license.tmp
2025-04-22 23:19:21,176 [INFO] CodeEngine:255 - oldGeneratedFile, D:\Work_place\STM32F407_First\STM32F407_DEMO\STM32F407_First_DEMO\Core\Src\stm32f4xx_it.c_save
2025-04-22 23:19:21,488 [INFO] CodeEngine:279 - Generated code: D:\Work_place\STM32F407_First\STM32F407_DEMO\STM32F407_First_DEMO\Core\Src\stm32f4xx_it.c
2025-04-22 23:19:21,506 [INFO] CodeEngine:255 - oldGeneratedFile, D:\Work_place\STM32F407_First\STM32F407_DEMO\STM32F407_First_DEMO\Core\Inc\stm32f4xx_it.h_save
2025-04-22 23:19:21,656 [INFO] CodeEngine:279 - Generated code: D:\Work_place\STM32F407_First\STM32F407_DEMO\STM32F407_First_DEMO\Core\Inc\stm32f4xx_it.h
2025-04-22 23:19:21,841 [INFO] CodeEngine:255 - oldGeneratedFile, D:\Work_place\STM32F407_First\STM32F407_DEMO\STM32F407_First_DEMO\Core\Src\stm32f4xx_hal_msp.c_save
2025-04-22 23:19:22,105 [INFO] CodeEngine:279 - Generated code: D:\Work_place\STM32F407_First\STM32F407_DEMO\STM32F407_First_DEMO\Core\Src\stm32f4xx_hal_msp.c
2025-04-22 23:19:22,125 [INFO] CodeEngine:255 - oldGeneratedFile, D:\Work_place\STM32F407_First\STM32F407_DEMO\STM32F407_First_DEMO\MXTmpFiles\system.tmp_save
2025-04-22 23:19:22,235 [INFO] CodeEngine:279 - Generated code: D:\Work_place\STM32F407_First\STM32F407_DEMO\STM32F407_First_DEMO\MXTmpFiles\system.tmp
2025-04-22 23:19:22,259 [INFO] CodeEngine:311 - oldGeneratedFile, D:\Work_place\STM32F407_First\STM32F407_DEMO\STM32F407_First_DEMO\Core\Inc\stm32f4xx_hal_conf.h_save
2025-04-22 23:19:22,465 [INFO] CodeEngine:335 - Generated code: D:\Work_place\STM32F407_First\STM32F407_DEMO\STM32F407_First_DEMO\Core\Inc\stm32f4xx_hal_conf.h
2025-04-22 23:19:22,599 [INFO] CodeEngine:255 - oldGeneratedFile, D:\Work_place\STM32F407_First\STM32F407_DEMO\STM32F407_First_DEMO\Core\Inc\main.h_save
2025-04-22 23:19:22,813 [INFO] CodeEngine:279 - Generated code: D:\Work_place\STM32F407_First\STM32F407_DEMO\STM32F407_First_DEMO\Core\Inc\main.h
2025-04-22 23:19:22,826 [INFO] CodeEngine:255 - oldGeneratedFile, D:\Work_place\STM32F407_First\STM32F407_DEMO\STM32F407_First_DEMO\Core\Src\main.c_save
2025-04-22 23:19:23,115 [INFO] CodeEngine:279 - Generated code: D:\Work_place\STM32F407_First\STM32F407_DEMO\STM32F407_First_DEMO\Core\Src\main.c
2025-04-22 23:19:24,466 [INFO] ProjectBuilder:3064 - Time for Copy HAL[1] : 543mS.
2025-04-22 23:19:24,479 [INFO] ProjectBuilder:4404 - Project Generator version: 4.1.0
2025-04-22 23:19:24,867 [INFO] ConfigFileManager:1457 - The Die is : DIE413
2025-04-22 23:19:24,883 [INFO] ApiDbMcu:507 - Load IP Config File for FATFS
2025-04-22 23:19:24,896 [INFO] ApiDbMcu:507 - Load IP Config File for FREERTOS
2025-04-22 23:19:24,902 [INFO] ApiDbMcu:507 - Load IP Config File for LIBJPEG
2025-04-22 23:19:24,915 [INFO] ApiDbMcu:507 - Load IP Config File for LWIP
2025-04-22 23:19:24,931 [INFO] ApiDbMcu:507 - Load IP Config File for MBEDTLS
2025-04-22 23:19:24,944 [INFO] ApiDbMcu:507 - Load IP Config File for USB_DEVICE
2025-04-22 23:19:24,957 [INFO] ApiDbMcu:507 - Load IP Config File for USB_HOST
2025-04-22 23:19:25,839 [INFO] LogOutputStream:77 - [STDOUT_REDIRECT] 
2025-04-22 23:19:30,830 [INFO] ProjectBuilder:4626 - Time for Generating toolchain IDE Files: 6350mS.
2025-04-22 23:19:30,832 [INFO] ProjectBuilder:2935 - Time for Copy CMSIS : 1mS.
2025-04-22 23:19:30,836 [INFO] ProjectBuilder:2935 - Time for Copy CMSIS : 0mS.
2025-04-22 23:19:34,097 [INFO] McuFinderGlobals:76 - Set McuFinderConnectedMode to true
2025-04-22 23:19:34,104 [INFO] ApiDb:448 - Save user favorites file C:\Users\keqin.wang/.stm32cubeide/favorites.mcus.txt: 1 item(s)
2025-04-22 23:19:34,105 [INFO] ApiDb:452 - User favorites MCUs=[STM32F407IGT6]
2025-04-22 23:21:23,974 [INFO] Gpio:273 - dependency for GPIO []
2025-04-22 23:23:23,030 [INFO] Gpio:273 - dependency for GPIO []
2025-04-22 23:36:23,952 [INFO] UtilMem:75 - End SaveConfig() Used Memory: 660333856 Bytes (1073741824)
2025-04-22 23:36:27,065 [INFO] UtilMem:75 - End SaveConfig() Used Memory: 787974408 Bytes (1073741824)
2025-04-22 23:36:27,297 [INFO] BlockDiagram:2759 - set Specific Code input for plugin: SYS
2025-04-22 23:36:27,298 [INFO] BlockDiagram:2759 - set Specific Code input for plugin: RCC
2025-04-22 23:36:27,298 [INFO] BlockDiagram:2759 - set Specific Code input for plugin: NVIC
2025-04-22 23:36:27,298 [INFO] BlockDiagram:2759 - set Specific Code input for plugin: GPIO
2025-04-22 23:36:27,299 [INFO] CodeGenerator:799 - code generatio: config db path: E:\ruanjian\STM32CubeIDE_1.13.1\STM32CubeIDE\plugins\com.st.stm32cube.common.mx_6.9.1.202307191849\\db\
2025-04-22 23:36:27,394 [INFO] CodeEngine:255 - oldGeneratedFile, D:\Work_place\STM32F407_First\STM32F407_DEMO\STM32F407_First_DEMO\MXTmpFiles\license.tmp_save
2025-04-22 23:36:27,482 [INFO] CodeEngine:279 - Generated code: D:\Work_place\STM32F407_First\STM32F407_DEMO\STM32F407_First_DEMO\MXTmpFiles\license.tmp
2025-04-22 23:36:27,522 [INFO] CodeEngine:255 - oldGeneratedFile, D:\Work_place\STM32F407_First\STM32F407_DEMO\STM32F407_First_DEMO\Core\Src\gpio.c_save
2025-04-22 23:36:27,596 [INFO] CodeEngine:279 - Generated code: D:\Work_place\STM32F407_First\STM32F407_DEMO\STM32F407_First_DEMO\Core\Src\gpio.c
2025-04-22 23:36:27,601 [INFO] CodeEngine:255 - oldGeneratedFile, D:\Work_place\STM32F407_First\STM32F407_DEMO\STM32F407_First_DEMO\Core\Inc\gpio.h_save
2025-04-22 23:36:27,655 [INFO] CodeEngine:279 - Generated code: D:\Work_place\STM32F407_First\STM32F407_DEMO\STM32F407_First_DEMO\Core\Inc\gpio.h
2025-04-22 23:36:27,676 [INFO] CodeEngine:255 - oldGeneratedFile, D:\Work_place\STM32F407_First\STM32F407_DEMO\STM32F407_First_DEMO\Core\Src\stm32f4xx_it.c_save
2025-04-22 23:36:27,842 [INFO] CodeEngine:279 - Generated code: D:\Work_place\STM32F407_First\STM32F407_DEMO\STM32F407_First_DEMO\Core\Src\stm32f4xx_it.c
2025-04-22 23:36:27,849 [INFO] CodeEngine:255 - oldGeneratedFile, D:\Work_place\STM32F407_First\STM32F407_DEMO\STM32F407_First_DEMO\Core\Inc\stm32f4xx_it.h_save
2025-04-22 23:36:27,897 [INFO] CodeEngine:279 - Generated code: D:\Work_place\STM32F407_First\STM32F407_DEMO\STM32F407_First_DEMO\Core\Inc\stm32f4xx_it.h
2025-04-22 23:36:27,910 [INFO] CodeEngine:255 - oldGeneratedFile, D:\Work_place\STM32F407_First\STM32F407_DEMO\STM32F407_First_DEMO\Core\Src\stm32f4xx_hal_msp.c_save
2025-04-22 23:36:27,979 [INFO] CodeEngine:279 - Generated code: D:\Work_place\STM32F407_First\STM32F407_DEMO\STM32F407_First_DEMO\Core\Src\stm32f4xx_hal_msp.c
2025-04-22 23:36:27,984 [INFO] CodeEngine:255 - oldGeneratedFile, D:\Work_place\STM32F407_First\STM32F407_DEMO\STM32F407_First_DEMO\MXTmpFiles\system.tmp_save
2025-04-22 23:36:28,029 [INFO] CodeEngine:279 - Generated code: D:\Work_place\STM32F407_First\STM32F407_DEMO\STM32F407_First_DEMO\MXTmpFiles\system.tmp
2025-04-22 23:36:28,042 [INFO] CodeEngine:311 - oldGeneratedFile, D:\Work_place\STM32F407_First\STM32F407_DEMO\STM32F407_First_DEMO\Core\Inc\stm32f4xx_hal_conf.h_save
2025-04-22 23:36:28,095 [INFO] CodeEngine:335 - Generated code: D:\Work_place\STM32F407_First\STM32F407_DEMO\STM32F407_First_DEMO\Core\Inc\stm32f4xx_hal_conf.h
2025-04-22 23:36:28,126 [INFO] CodeEngine:255 - oldGeneratedFile, D:\Work_place\STM32F407_First\STM32F407_DEMO\STM32F407_First_DEMO\Core\Inc\main.h_save
2025-04-22 23:36:28,192 [INFO] CodeEngine:279 - Generated code: D:\Work_place\STM32F407_First\STM32F407_DEMO\STM32F407_First_DEMO\Core\Inc\main.h
2025-04-22 23:36:28,201 [INFO] CodeEngine:255 - oldGeneratedFile, D:\Work_place\STM32F407_First\STM32F407_DEMO\STM32F407_First_DEMO\Core\Src\main.c_save
2025-04-22 23:36:28,282 [INFO] CodeEngine:279 - Generated code: D:\Work_place\STM32F407_First\STM32F407_DEMO\STM32F407_First_DEMO\Core\Src\main.c
2025-04-22 23:36:28,868 [INFO] ProjectBuilder:3064 - Time for Copy HAL[1] : 285mS.
2025-04-22 23:36:28,873 [INFO] ProjectBuilder:4404 - Project Generator version: 4.1.0
2025-04-22 23:36:29,011 [INFO] ConfigFileManager:1457 - The Die is : DIE413
2025-04-22 23:36:30,163 [INFO] ProjectBuilder:4626 - Time for Generating toolchain IDE Files: 1290mS.
2025-04-22 23:36:30,164 [INFO] ProjectBuilder:2935 - Time for Copy CMSIS : 0mS.
2025-04-22 23:36:30,167 [INFO] ProjectBuilder:2935 - Time for Copy CMSIS : 0mS.
2025-04-22 23:40:35,288 [INFO] UtilMem:75 - End SaveConfig() Used Memory: 829543816 Bytes (1073741824)
2025-04-22 23:40:35,458 [INFO] BlockDiagram:2759 - set Specific Code input for plugin: SYS
2025-04-22 23:40:35,458 [INFO] BlockDiagram:2759 - set Specific Code input for plugin: RCC
2025-04-22 23:40:35,458 [INFO] BlockDiagram:2759 - set Specific Code input for plugin: NVIC
2025-04-22 23:40:35,458 [INFO] BlockDiagram:2759 - set Specific Code input for plugin: GPIO
2025-04-22 23:40:35,460 [INFO] CodeGenerator:799 - code generatio: config db path: E:\ruanjian\STM32CubeIDE_1.13.1\STM32CubeIDE\plugins\com.st.stm32cube.common.mx_6.9.1.202307191849\\db\
2025-04-22 23:40:35,604 [INFO] CodeEngine:255 - oldGeneratedFile, D:\Work_place\STM32F407_First\STM32F407_DEMO\STM32F407_First_DEMO\MXTmpFiles\license.tmp_save
2025-04-22 23:40:35,668 [INFO] CodeEngine:279 - Generated code: D:\Work_place\STM32F407_First\STM32F407_DEMO\STM32F407_First_DEMO\MXTmpFiles\license.tmp
2025-04-22 23:40:35,688 [INFO] CodeEngine:255 - oldGeneratedFile, D:\Work_place\STM32F407_First\STM32F407_DEMO\STM32F407_First_DEMO\Core\Src\gpio.c_save
2025-04-22 23:40:35,763 [INFO] CodeEngine:279 - Generated code: D:\Work_place\STM32F407_First\STM32F407_DEMO\STM32F407_First_DEMO\Core\Src\gpio.c
2025-04-22 23:40:35,780 [INFO] CodeEngine:255 - oldGeneratedFile, D:\Work_place\STM32F407_First\STM32F407_DEMO\STM32F407_First_DEMO\Core\Inc\gpio.h_save
2025-04-22 23:40:35,853 [INFO] CodeEngine:279 - Generated code: D:\Work_place\STM32F407_First\STM32F407_DEMO\STM32F407_First_DEMO\Core\Inc\gpio.h
2025-04-22 23:40:35,881 [INFO] CodeEngine:255 - oldGeneratedFile, D:\Work_place\STM32F407_First\STM32F407_DEMO\STM32F407_First_DEMO\Core\Src\stm32f4xx_it.c_save
2025-04-22 23:40:35,931 [INFO] CodeEngine:279 - Generated code: D:\Work_place\STM32F407_First\STM32F407_DEMO\STM32F407_First_DEMO\Core\Src\stm32f4xx_it.c
2025-04-22 23:40:35,937 [INFO] CodeEngine:255 - oldGeneratedFile, D:\Work_place\STM32F407_First\STM32F407_DEMO\STM32F407_First_DEMO\Core\Inc\stm32f4xx_it.h_save
2025-04-22 23:40:35,982 [INFO] CodeEngine:279 - Generated code: D:\Work_place\STM32F407_First\STM32F407_DEMO\STM32F407_First_DEMO\Core\Inc\stm32f4xx_it.h
2025-04-22 23:40:35,996 [INFO] CodeEngine:255 - oldGeneratedFile, D:\Work_place\STM32F407_First\STM32F407_DEMO\STM32F407_First_DEMO\Core\Src\stm32f4xx_hal_msp.c_save
2025-04-22 23:40:36,047 [INFO] CodeEngine:279 - Generated code: D:\Work_place\STM32F407_First\STM32F407_DEMO\STM32F407_First_DEMO\Core\Src\stm32f4xx_hal_msp.c
2025-04-22 23:40:36,053 [INFO] CodeEngine:255 - oldGeneratedFile, D:\Work_place\STM32F407_First\STM32F407_DEMO\STM32F407_First_DEMO\MXTmpFiles\system.tmp_save
2025-04-22 23:40:36,091 [INFO] CodeEngine:279 - Generated code: D:\Work_place\STM32F407_First\STM32F407_DEMO\STM32F407_First_DEMO\MXTmpFiles\system.tmp
2025-04-22 23:40:36,103 [INFO] CodeEngine:311 - oldGeneratedFile, D:\Work_place\STM32F407_First\STM32F407_DEMO\STM32F407_First_DEMO\Core\Inc\stm32f4xx_hal_conf.h_save
2025-04-22 23:40:36,151 [INFO] CodeEngine:335 - Generated code: D:\Work_place\STM32F407_First\STM32F407_DEMO\STM32F407_First_DEMO\Core\Inc\stm32f4xx_hal_conf.h
2025-04-22 23:40:36,184 [INFO] CodeEngine:255 - oldGeneratedFile, D:\Work_place\STM32F407_First\STM32F407_DEMO\STM32F407_First_DEMO\Core\Inc\main.h_save
2025-04-22 23:40:36,227 [INFO] CodeEngine:279 - Generated code: D:\Work_place\STM32F407_First\STM32F407_DEMO\STM32F407_First_DEMO\Core\Inc\main.h
2025-04-22 23:40:36,233 [INFO] CodeEngine:255 - oldGeneratedFile, D:\Work_place\STM32F407_First\STM32F407_DEMO\STM32F407_First_DEMO\Core\Src\main.c_save
2025-04-22 23:40:36,290 [INFO] CodeEngine:279 - Generated code: D:\Work_place\STM32F407_First\STM32F407_DEMO\STM32F407_First_DEMO\Core\Src\main.c
2025-04-22 23:40:36,742 [INFO] ProjectBuilder:3064 - Time for Copy HAL[1] : 255mS.
2025-04-22 23:40:36,746 [INFO] ProjectBuilder:4404 - Project Generator version: 4.1.0
2025-04-22 23:40:36,881 [INFO] ConfigFileManager:1457 - The Die is : DIE413
2025-04-22 23:40:38,020 [INFO] ProjectBuilder:4626 - Time for Generating toolchain IDE Files: 1274mS.
2025-04-22 23:40:38,022 [INFO] ProjectBuilder:2935 - Time for Copy CMSIS : 1mS.
2025-04-22 23:40:38,029 [INFO] ProjectBuilder:2935 - Time for Copy CMSIS : 0mS.
2025-04-22 23:54:41,298 [INFO] LogOutputStream:77 - [STDOUT_REDIRECT] 
2025-04-22 23:54:41,318 [INFO] LogOutputStream:77 - [STDOUT_REDIRECT] 
2025-04-22 23:54:41,332 [INFO] LogOutputStream:77 - [STDOUT_REDIRECT] 
2025-04-22 23:54:41,344 [INFO] LogOutputStream:77 - [STDOUT_REDIRECT] 
2025-04-22 23:54:41,356 [INFO] LogOutputStream:77 - [STDOUT_REDIRECT] 
2025-04-22 23:54:41,368 [INFO] LogOutputStream:77 - [STDOUT_REDIRECT] 
2025-04-22 23:54:41,424 [INFO] LogOutputStream:77 - [STDOUT_REDIRECT] 
2025-04-22 23:54:41,437 [INFO] LogOutputStream:77 - [STDOUT_REDIRECT] 
2025-04-22 23:54:41,448 [INFO] LogOutputStream:77 - [STDOUT_REDIRECT] 
2025-04-22 23:54:41,461 [INFO] LogOutputStream:77 - [STDOUT_REDIRECT] 
2025-04-22 23:54:41,471 [INFO] LogOutputStream:77 - [STDOUT_REDIRECT] 
2025-04-22 23:54:41,482 [INFO] LogOutputStream:77 - [STDOUT_REDIRECT] 
2025-04-22 23:54:50,010 [INFO] LogOutputStream:77 - [STDOUT_REDIRECT] 
2025-04-22 23:54:50,020 [INFO] LogOutputStream:77 - [STDOUT_REDIRECT] 
2025-04-22 23:54:50,029 [INFO] LogOutputStream:77 - [STDOUT_REDIRECT] 
2025-04-22 23:54:50,042 [INFO] LogOutputStream:77 - [STDOUT_REDIRECT] 
2025-04-22 23:54:50,052 [INFO] LogOutputStream:77 - [STDOUT_REDIRECT] 
2025-04-22 23:54:50,060 [INFO] LogOutputStream:77 - [STDOUT_REDIRECT] 
